gmake[1]: Entering directory '/home/orangepi/roscan_ws/build/cpp_pubsub'
gmake[2]: Entering directory '/home/orangepi/roscan_ws/build/cpp_pubsub'
gmake[3]: Entering directory '/home/orangepi/roscan_ws/build/cpp_pubsub'
gmake[3]: Leaving directory '/home/orangepi/roscan_ws/build/cpp_pubsub'
gmake[3]: Entering directory '/home/orangepi/roscan_ws/build/cpp_pubsub'
[ 50%] [32mBuilding CXX object CMakeFiles/talker.dir/src/publisher_member_function.cpp.o[0m
[100%] [32m[1mLinking CXX executable talker[0m
gmake[3]: Leaving directory '/home/orangepi/roscan_ws/build/cpp_pubsub'
[100%] Built target talker
gmake[2]: Leaving directory '/home/orangepi/roscan_ws/build/cpp_pubsub'
gmake[1]: Leaving directory '/home/orangepi/roscan_ws/build/cpp_pubsub'
-- Install configuration: ""
-- Installing: /home/orangepi/roscan_ws/install/cpp_pubsub/lib/cpp_pubsub/talker
-- Set runtime path of "/home/orangepi/roscan_ws/install/cpp_pubsub/lib/cpp_pubsub/talker" to ""
-- Installing: /home/orangepi/roscan_ws/install/cpp_pubsub/share/ament_index/resource_index/package_run_dependencies/cpp_pubsub
-- Installing: /home/orangepi/roscan_ws/install/cpp_pubsub/share/ament_index/resource_index/parent_prefix_path/cpp_pubsub
-- Installing: /home/orangepi/roscan_ws/install/cpp_pubsub/share/cpp_pubsub/environment/ament_prefix_path.sh
-- Installing: /home/orangepi/roscan_ws/install/cpp_pubsub/share/cpp_pubsub/environment/ament_prefix_path.dsv
-- Installing: /home/orangepi/roscan_ws/install/cpp_pubsub/share/cpp_pubsub/environment/path.sh
-- Installing: /home/orangepi/roscan_ws/install/cpp_pubsub/share/cpp_pubsub/environment/path.dsv
-- Installing: /home/orangepi/roscan_ws/install/cpp_pubsub/share/cpp_pubsub/local_setup.bash
-- Installing: /home/orangepi/roscan_ws/install/cpp_pubsub/share/cpp_pubsub/local_setup.sh
-- Installing: /home/orangepi/roscan_ws/install/cpp_pubsub/share/cpp_pubsub/local_setup.zsh
-- Installing: /home/orangepi/roscan_ws/install/cpp_pubsub/share/cpp_pubsub/local_setup.dsv
-- Installing: /home/orangepi/roscan_ws/install/cpp_pubsub/share/cpp_pubsub/package.dsv
-- Installing: /home/orangepi/roscan_ws/install/cpp_pubsub/share/ament_index/resource_index/packages/cpp_pubsub
-- Installing: /home/orangepi/roscan_ws/install/cpp_pubsub/share/cpp_pubsub/cmake/cpp_pubsubConfig.cmake
-- Installing: /home/orangepi/roscan_ws/install/cpp_pubsub/share/cpp_pubsub/cmake/cpp_pubsubConfig-version.cmake
-- Installing: /home/orangepi/roscan_ws/install/cpp_pubsub/share/cpp_pubsub/package.xml
