[0.026s] Invoking command in '/home/orangepi/roscan_ws/build/cpp_pubsub': CMAKE_PREFIX_PATH=/opt/ros/humble /usr/bin/cmake --build /home/orangepi/roscan_ws/build/cpp_pubsub -- -j8 -l8
[0.056s] gmake[1]: Entering directory '/home/orangepi/roscan_ws/build/cpp_pubsub'
[0.098s] gmake[2]: Entering directory '/home/orangepi/roscan_ws/build/cpp_pubsub'
[0.099s] gmake[3]: Entering directory '/home/orangepi/roscan_ws/build/cpp_pubsub'
[0.111s] gmake[3]: Leaving directory '/home/orangepi/roscan_ws/build/cpp_pubsub'
[0.112s] gmake[3]: Entering directory '/home/orangepi/roscan_ws/build/cpp_pubsub'
[0.136s] [ 50%] [32mBuilding CXX object CMakeFiles/talker.dir/src/publisher_member_function.cpp.o[0m
[6.370s] [100%] [32m[1mLinking CXX executable talker[0m
[6.699s] gmake[3]: Leaving directory '/home/orangepi/roscan_ws/build/cpp_pubsub'
[6.724s] [100%] Built target talker
[6.726s] gmake[2]: Leaving directory '/home/orangepi/roscan_ws/build/cpp_pubsub'
[6.754s] gmake[1]: Leaving directory '/home/orangepi/roscan_ws/build/cpp_pubsub'
[6.761s] Invoked command in '/home/orangepi/roscan_ws/build/cpp_pubsub' returned '0': CMAKE_PREFIX_PATH=/opt/ros/humble /usr/bin/cmake --build /home/orangepi/roscan_ws/build/cpp_pubsub -- -j8 -l8
[6.829s] Invoking command in '/home/orangepi/roscan_ws/build/cpp_pubsub': CMAKE_PREFIX_PATH=/opt/ros/humble /usr/bin/cmake --install /home/orangepi/roscan_ws/build/cpp_pubsub
[6.852s] -- Install configuration: ""
[6.853s] -- Installing: /home/orangepi/roscan_ws/install/cpp_pubsub/lib/cpp_pubsub/talker
[6.861s] -- Set runtime path of "/home/orangepi/roscan_ws/install/cpp_pubsub/lib/cpp_pubsub/talker" to ""
[6.861s] -- Installing: /home/orangepi/roscan_ws/install/cpp_pubsub/share/ament_index/resource_index/package_run_dependencies/cpp_pubsub
[6.862s] -- Installing: /home/orangepi/roscan_ws/install/cpp_pubsub/share/ament_index/resource_index/parent_prefix_path/cpp_pubsub
[6.863s] -- Installing: /home/orangepi/roscan_ws/install/cpp_pubsub/share/cpp_pubsub/environment/ament_prefix_path.sh
[6.863s] -- Installing: /home/orangepi/roscan_ws/install/cpp_pubsub/share/cpp_pubsub/environment/ament_prefix_path.dsv
[6.864s] -- Installing: /home/orangepi/roscan_ws/install/cpp_pubsub/share/cpp_pubsub/environment/path.sh
[6.864s] -- Installing: /home/orangepi/roscan_ws/install/cpp_pubsub/share/cpp_pubsub/environment/path.dsv
[6.864s] -- Installing: /home/orangepi/roscan_ws/install/cpp_pubsub/share/cpp_pubsub/local_setup.bash
[6.865s] -- Installing: /home/orangepi/roscan_ws/install/cpp_pubsub/share/cpp_pubsub/local_setup.sh
[6.866s] -- Installing: /home/orangepi/roscan_ws/install/cpp_pubsub/share/cpp_pubsub/local_setup.zsh
[6.866s] -- Installing: /home/orangepi/roscan_ws/install/cpp_pubsub/share/cpp_pubsub/local_setup.dsv
[6.867s] -- Installing: /home/orangepi/roscan_ws/install/cpp_pubsub/share/cpp_pubsub/package.dsv
[6.867s] -- Installing: /home/orangepi/roscan_ws/install/cpp_pubsub/share/ament_index/resource_index/packages/cpp_pubsub
[6.868s] -- Installing: /home/orangepi/roscan_ws/install/cpp_pubsub/share/cpp_pubsub/cmake/cpp_pubsubConfig.cmake
[6.868s] -- Installing: /home/orangepi/roscan_ws/install/cpp_pubsub/share/cpp_pubsub/cmake/cpp_pubsubConfig-version.cmake
[6.869s] -- Installing: /home/orangepi/roscan_ws/install/cpp_pubsub/share/cpp_pubsub/package.xml
[6.884s] Invoked command in '/home/orangepi/roscan_ws/build/cpp_pubsub' returned '0': CMAKE_PREFIX_PATH=/opt/ros/humble /usr/bin/cmake --install /home/orangepi/roscan_ws/build/cpp_pubsub
