[0.022s] Invoking command in '/home/orangepi/roscan_ws/build/roscan': CMAKE_PREFIX_PATH=/opt/ros/humble /usr/bin/cmake --build /home/orangepi/roscan_ws/build/roscan -- -j8 -l8
[0.162s] [100%] Built target rpm_ctrl
[0.207s] Invoked command in '/home/orangepi/roscan_ws/build/roscan' returned '0': CMAKE_PREFIX_PATH=/opt/ros/humble /usr/bin/cmake --build /home/orangepi/roscan_ws/build/roscan -- -j8 -l8
[0.307s] Invoking command in '/home/orangepi/roscan_ws/build/roscan': CMAKE_PREFIX_PATH=/opt/ros/humble /usr/bin/cmake --install /home/orangepi/roscan_ws/build/roscan
[0.329s] -- Install configuration: ""
[0.330s] -- Up-to-date: /home/orangepi/roscan_ws/install/roscan/lib/roscan/rpm_ctrl
[0.331s] -- Up-to-date: /home/orangepi/roscan_ws/install/roscan/share/ament_index/resource_index/package_run_dependencies/roscan
[0.331s] -- Up-to-date: /home/orangepi/roscan_ws/install/roscan/share/ament_index/resource_index/parent_prefix_path/roscan
[0.332s] -- Up-to-date: /home/orangepi/roscan_ws/install/roscan/share/roscan/environment/ament_prefix_path.sh
[0.332s] -- Up-to-date: /home/orangepi/roscan_ws/install/roscan/share/roscan/environment/ament_prefix_path.dsv
[0.332s] -- Up-to-date: /home/orangepi/roscan_ws/install/roscan/share/roscan/environment/path.sh
[0.333s] -- Up-to-date: /home/orangepi/roscan_ws/install/roscan/share/roscan/environment/path.dsv
[0.334s] -- Up-to-date: /home/orangepi/roscan_ws/install/roscan/share/roscan/local_setup.bash
[0.334s] -- Up-to-date: /home/orangepi/roscan_ws/install/roscan/share/roscan/local_setup.sh
[0.334s] -- Up-to-date: /home/orangepi/roscan_ws/install/roscan/share/roscan/local_setup.zsh
[0.335s] -- Up-to-date: /home/orangepi/roscan_ws/install/roscan/share/roscan/local_setup.dsv
[0.336s] -- Installing: /home/orangepi/roscan_ws/install/roscan/share/roscan/package.dsv
[0.337s] -- Up-to-date: /home/orangepi/roscan_ws/install/roscan/share/ament_index/resource_index/packages/roscan
[0.340s] -- Up-to-date: /home/orangepi/roscan_ws/install/roscan/share/roscan/cmake/roscanConfig.cmake
[0.340s] -- Up-to-date: /home/orangepi/roscan_ws/install/roscan/share/roscan/cmake/roscanConfig-version.cmake
[0.340s] -- Up-to-date: /home/orangepi/roscan_ws/install/roscan/share/roscan/package.xml
[0.340s] Invoked command in '/home/orangepi/roscan_ws/build/roscan' returned '0': CMAKE_PREFIX_PATH=/opt/ros/humble /usr/bin/cmake --install /home/orangepi/roscan_ws/build/roscan
