[35m[1mConsolidate compiler generated dependencies of target eufs_msgs__rosidl_generator_c[0m
[ 12%] Built target eufs_msgs__rosidl_generator_c
[35m[1mConsolidate compiler generated dependencies of target eufs_msgs__rosidl_typesupport_c[0m
[ 12%] Built target eufs_msgs__cpp
[35m[1mConsolidate compiler generated dependencies of target eufs_msgs__rosidl_typesupport_introspection_c[0m
[35m[1mConsolidate compiler generated dependencies of target eufs_msgs__rosidl_typesupport_fastrtps_c[0m
[ 12%] Built target ament_cmake_python_copy_eufs_msgs
[ 25%] Built target eufs_msgs__rosidl_typesupport_introspection_c
[ 38%] Built target eufs_msgs__rosidl_typesupport_c
[35m[1mConsolidate compiler generated dependencies of target eufs_msgs__rosidl_typesupport_fastrtps_cpp[0m
[35m[1mConsolidate compiler generated dependencies of target eufs_msgs__rosidl_typesupport_introspection_cpp[0m
[35m[1mConsolidate compiler generated dependencies of target eufs_msgs__rosidl_typesupport_cpp[0m
[ 51%] Built target eufs_msgs__rosidl_typesupport_fastrtps_c
[ 63%] Built target eufs_msgs__rosidl_typesupport_fastrtps_cpp
[ 76%] Built target eufs_msgs__rosidl_typesupport_introspection_cpp
[ 88%] Built target eufs_msgs__rosidl_typesupport_cpp
[ 88%] Built target eufs_msgs
[ 88%] Built target eufs_msgs__py
[35m[1mConsolidate compiler generated dependencies of target eufs_msgs__rosidl_generator_py[0m
running egg_info
writing eufs_msgs.egg-info/PKG-INFO
writing dependency_links to eufs_msgs.egg-info/dependency_links.txt
writing top-level names to eufs_msgs.egg-info/top_level.txt
reading manifest file 'eufs_msgs.egg-info/SOURCES.txt'
writing manifest file 'eufs_msgs.egg-info/SOURCES.txt'
[100%] Built target eufs_msgs__rosidl_generator_py
[35m[1mConsolidate compiler generated dependencies of target eufs_msgs__rosidl_typesupport_introspection_c__pyext[0m
[35m[1mConsolidate compiler generated dependencies of target eufs_msgs__rosidl_typesupport_fastrtps_c__pyext[0m
[35m[1mConsolidate compiler generated dependencies of target eufs_msgs__rosidl_typesupport_c__pyext[0m
[100%] Built target ament_cmake_python_build_eufs_msgs_egg
[100%] Built target eufs_msgs__rosidl_typesupport_introspection_c__pyext
[100%] Built target eufs_msgs__rosidl_typesupport_c__pyext
[100%] Built target eufs_msgs__rosidl_typesupport_fastrtps_c__pyext
