[0.022s] Invoking command in '/home/orangepi/roscan_ws/build/eufs_msgs': CMAKE_PREFIX_PATH=/opt/ros/humble /usr/bin/cmake --build /home/orangepi/roscan_ws/build/eufs_msgs -- -j8 -l8
[0.170s] [35m[1mConsolidate compiler generated dependencies of target eufs_msgs__rosidl_generator_c[0m
[0.209s] [ 12%] Built target eufs_msgs__rosidl_generator_c
[0.231s] [35m[1mConsolidate compiler generated dependencies of target eufs_msgs__rosidl_typesupport_c[0m
[0.231s] [ 12%] Built target eufs_msgs__cpp
[0.233s] [35m[1mConsolidate compiler generated dependencies of target eufs_msgs__rosidl_typesupport_introspection_c[0m
[0.241s] [35m[1mConsolidate compiler generated dependencies of target eufs_msgs__rosidl_typesupport_fastrtps_c[0m
[0.270s] [ 12%] Built target ament_cmake_python_copy_eufs_msgs
[0.273s] [ 25%] Built target eufs_msgs__rosidl_typesupport_introspection_c
[0.274s] [ 38%] Built target eufs_msgs__rosidl_typesupport_c
[0.280s] [35m[1mConsolidate compiler generated dependencies of target eufs_msgs__rosidl_typesupport_fastrtps_cpp[0m
[0.304s] [35m[1mConsolidate compiler generated dependencies of target eufs_msgs__rosidl_typesupport_introspection_cpp[0m
[0.323s] [35m[1mConsolidate compiler generated dependencies of target eufs_msgs__rosidl_typesupport_cpp[0m
[0.332s] [ 51%] Built target eufs_msgs__rosidl_typesupport_fastrtps_c
[0.376s] [ 63%] Built target eufs_msgs__rosidl_typesupport_fastrtps_cpp
[0.398s] [ 76%] Built target eufs_msgs__rosidl_typesupport_introspection_cpp
[0.402s] [ 88%] Built target eufs_msgs__rosidl_typesupport_cpp
[0.472s] [ 88%] Built target eufs_msgs
[0.546s] [ 88%] Built target eufs_msgs__py
[0.595s] [35m[1mConsolidate compiler generated dependencies of target eufs_msgs__rosidl_generator_py[0m
[0.664s] running egg_info
[0.665s] writing eufs_msgs.egg-info/PKG-INFO
[0.665s] writing dependency_links to eufs_msgs.egg-info/dependency_links.txt
[0.665s] writing top-level names to eufs_msgs.egg-info/top_level.txt
[0.670s] reading manifest file 'eufs_msgs.egg-info/SOURCES.txt'
[0.671s] writing manifest file 'eufs_msgs.egg-info/SOURCES.txt'
[0.704s] [100%] Built target eufs_msgs__rosidl_generator_py
[0.721s] [35m[1mConsolidate compiler generated dependencies of target eufs_msgs__rosidl_typesupport_introspection_c__pyext[0m
[0.734s] [35m[1mConsolidate compiler generated dependencies of target eufs_msgs__rosidl_typesupport_fastrtps_c__pyext[0m
[0.735s] [35m[1mConsolidate compiler generated dependencies of target eufs_msgs__rosidl_typesupport_c__pyext[0m
[0.740s] [100%] Built target ament_cmake_python_build_eufs_msgs_egg
[0.740s] [100%] Built target eufs_msgs__rosidl_typesupport_introspection_c__pyext
[0.782s] [100%] Built target eufs_msgs__rosidl_typesupport_c__pyext
[0.786s] [100%] Built target eufs_msgs__rosidl_typesupport_fastrtps_c__pyext
[0.825s] Invoked command in '/home/orangepi/roscan_ws/build/eufs_msgs' returned '0': CMAKE_PREFIX_PATH=/opt/ros/humble /usr/bin/cmake --build /home/orangepi/roscan_ws/build/eufs_msgs -- -j8 -l8
