[0.023s] Invoking command in '/home/orangepi/roscan_ws/build/roscan': CMAKE_PREFIX_PATH=${CMAKE_PREFIX_PATH}:/opt/ros/humble /usr/bin/cmake --build /home/orangepi/roscan_ws/build/roscan -- -j8 -l8
[0.051s] gmake[1]: Entering directory '/home/orangepi/roscan_ws/build/roscan'
[0.108s] gmake[2]: Entering directory '/home/orangepi/roscan_ws/build/roscan'
[0.113s] gmake[3]: Entering directory '/home/orangepi/roscan_ws/build/roscan'
[0.139s] [35m[1mConsolidate compiler generated dependencies of target rpm_ctrl[0m
[0.144s] gmake[3]: Leaving directory '/home/orangepi/roscan_ws/build/roscan'
[0.147s] gmake[3]: Entering directory '/home/orangepi/roscan_ws/build/roscan'
[0.170s] [ 50%] [32mBuilding CXX object CMakeFiles/rpm_ctrl.dir/src/rpm_ctrl.cpp.o[0m
[0.581s] [100%] [32m[1mLinking CXX executable rpm_ctrl[0m
[0.731s] gmake[3]: Leaving directory '/home/orangepi/roscan_ws/build/roscan'
[0.756s] [100%] Built target rpm_ctrl
[0.758s] gmake[2]: Leaving directory '/home/orangepi/roscan_ws/build/roscan'
[0.786s] gmake[1]: Leaving directory '/home/orangepi/roscan_ws/build/roscan'
[0.792s] Invoked command in '/home/orangepi/roscan_ws/build/roscan' returned '0': CMAKE_PREFIX_PATH=${CMAKE_PREFIX_PATH}:/opt/ros/humble /usr/bin/cmake --build /home/orangepi/roscan_ws/build/roscan -- -j8 -l8
[0.888s] Invoking command in '/home/orangepi/roscan_ws/build/roscan': CMAKE_PREFIX_PATH=${CMAKE_PREFIX_PATH}:/opt/ros/humble /usr/bin/cmake --install /home/orangepi/roscan_ws/build/roscan
[0.911s] -- Install configuration: ""
[0.911s] -- Installing: /home/orangepi/roscan_ws/install/roscan/lib/roscan/rpm_ctrl
[0.911s] -- Up-to-date: /home/orangepi/roscan_ws/install/roscan/share/ament_index/resource_index/package_run_dependencies/roscan
[0.912s] -- Up-to-date: /home/orangepi/roscan_ws/install/roscan/share/ament_index/resource_index/parent_prefix_path/roscan
[0.912s] -- Up-to-date: /home/orangepi/roscan_ws/install/roscan/share/roscan/environment/ament_prefix_path.sh
[0.913s] -- Up-to-date: /home/orangepi/roscan_ws/install/roscan/share/roscan/environment/ament_prefix_path.dsv
[0.913s] -- Up-to-date: /home/orangepi/roscan_ws/install/roscan/share/roscan/environment/path.sh
[0.914s] -- Up-to-date: /home/orangepi/roscan_ws/install/roscan/share/roscan/environment/path.dsv
[0.914s] -- Up-to-date: /home/orangepi/roscan_ws/install/roscan/share/roscan/local_setup.bash
[0.916s] -- Up-to-date: /home/orangepi/roscan_ws/install/roscan/share/roscan/local_setup.sh
[0.920s] -- Up-to-date: /home/orangepi/roscan_ws/install/roscan/share/roscan/local_setup.zsh
[0.920s] -- Up-to-date: /home/orangepi/roscan_ws/install/roscan/share/roscan/local_setup.dsv
[0.921s] -- Installing: /home/orangepi/roscan_ws/install/roscan/share/roscan/package.dsv
[0.923s] -- Up-to-date: /home/orangepi/roscan_ws/install/roscan/share/ament_index/resource_index/packages/roscan
[0.923s] -- Up-to-date: /home/orangepi/roscan_ws/install/roscan/share/roscan/cmake/roscanConfig.cmake
[0.927s] -- Up-to-date: /home/orangepi/roscan_ws/install/roscan/share/roscan/cmake/roscanConfig-version.cmake
[0.928s] -- Up-to-date: /home/orangepi/roscan_ws/install/roscan/share/roscan/package.xml
[0.929s] Invoked command in '/home/orangepi/roscan_ws/build/roscan' returned '0': CMAKE_PREFIX_PATH=${CMAKE_PREFIX_PATH}:/opt/ros/humble /usr/bin/cmake --install /home/orangepi/roscan_ws/build/roscan
