[0.021s] Invoking command in '/home/orangepi/roscan_ws/build/roscan': CMAKE_PREFIX_PATH=${CMAKE_PREFIX_PATH}:/opt/ros/humble /usr/bin/cmake --build /home/orangepi/roscan_ws/build/roscan -- -j8 -l8
[0.049s] gmake[1]: Entering directory '/home/orangepi/roscan_ws/build/roscan'
[0.106s] gmake[2]: Entering directory '/home/orangepi/roscan_ws/build/roscan'
[0.111s] gmake[3]: Entering directory '/home/orangepi/roscan_ws/build/roscan'
[0.136s] [35m[1mConsolidate compiler generated dependencies of target rpm_ctrl[0m
[0.143s] gmake[3]: Leaving directory '/home/orangepi/roscan_ws/build/roscan'
[0.151s] gmake[3]: Entering directory '/home/orangepi/roscan_ws/build/roscan'
[0.174s] [ 50%] [32mBuilding CXX object CMakeFiles/rpm_ctrl.dir/src/rpm_ctrl.cpp.o[0m
[0.560s] [100%] [32m[1mLinking CXX executable rpm_ctrl[0m
[0.707s] gmake[3]: Leaving directory '/home/orangepi/roscan_ws/build/roscan'
[0.732s] [100%] Built target rpm_ctrl
[0.734s] gmake[2]: Leaving directory '/home/orangepi/roscan_ws/build/roscan'
[0.760s] gmake[1]: Leaving directory '/home/orangepi/roscan_ws/build/roscan'
[0.763s] Invoked command in '/home/orangepi/roscan_ws/build/roscan' returned '0': CMAKE_PREFIX_PATH=${CMAKE_PREFIX_PATH}:/opt/ros/humble /usr/bin/cmake --build /home/orangepi/roscan_ws/build/roscan -- -j8 -l8
[0.855s] Invoking command in '/home/orangepi/roscan_ws/build/roscan': CMAKE_PREFIX_PATH=${CMAKE_PREFIX_PATH}:/opt/ros/humble /usr/bin/cmake --install /home/orangepi/roscan_ws/build/roscan
[0.879s] -- Install configuration: ""
[0.879s] -- Installing: /home/orangepi/roscan_ws/install/roscan/lib/roscan/rpm_ctrl
[0.880s] -- Up-to-date: /home/orangepi/roscan_ws/install/roscan/share/ament_index/resource_index/package_run_dependencies/roscan
[0.880s] -- Up-to-date: /home/orangepi/roscan_ws/install/roscan/share/ament_index/resource_index/parent_prefix_path/roscan
[0.880s] -- Up-to-date: /home/orangepi/roscan_ws/install/roscan/share/roscan/environment/ament_prefix_path.sh
[0.881s] -- Up-to-date: /home/orangepi/roscan_ws/install/roscan/share/roscan/environment/ament_prefix_path.dsv
[0.881s] -- Up-to-date: /home/orangepi/roscan_ws/install/roscan/share/roscan/environment/path.sh
[0.882s] -- Up-to-date: /home/orangepi/roscan_ws/install/roscan/share/roscan/environment/path.dsv
[0.883s] -- Up-to-date: /home/orangepi/roscan_ws/install/roscan/share/roscan/local_setup.bash
[0.885s] -- Up-to-date: /home/orangepi/roscan_ws/install/roscan/share/roscan/local_setup.sh
[0.888s] -- Up-to-date: /home/orangepi/roscan_ws/install/roscan/share/roscan/local_setup.zsh
[0.889s] -- Up-to-date: /home/orangepi/roscan_ws/install/roscan/share/roscan/local_setup.dsv
[0.889s] -- Installing: /home/orangepi/roscan_ws/install/roscan/share/roscan/package.dsv
[0.891s] -- Up-to-date: /home/orangepi/roscan_ws/install/roscan/share/ament_index/resource_index/packages/roscan
[0.892s] -- Up-to-date: /home/orangepi/roscan_ws/install/roscan/share/roscan/cmake/roscanConfig.cmake
[0.895s] -- Up-to-date: /home/orangepi/roscan_ws/install/roscan/share/roscan/cmake/roscanConfig-version.cmake
[0.896s] -- Up-to-date: /home/orangepi/roscan_ws/install/roscan/share/roscan/package.xml
[0.897s] Invoked command in '/home/orangepi/roscan_ws/build/roscan' returned '0': CMAKE_PREFIX_PATH=${CMAKE_PREFIX_PATH}:/opt/ros/humble /usr/bin/cmake --install /home/orangepi/roscan_ws/build/roscan
