[0.026s] Invoking command in '/home/orangepi/roscan_ws/build/eufs_msgs': CMAKE_PREFIX_PATH=${CMAKE_PREFIX_PATH}:/opt/ros/humble /usr/bin/cmake --build /home/orangepi/roscan_ws/build/eufs_msgs -- -j8 -l8
[0.218s] [  0%] Built target ament_cmake_python_copy_eufs_msgs
[0.233s] [  1%] Built target eufs_msgs__cpp
[0.234s] [ 12%] Built target eufs_msgs__rosidl_generator_c
[0.317s] [ 24%] Built target eufs_msgs__rosidl_typesupport_fastrtps_cpp
[0.330s] [ 37%] Built target eufs_msgs__rosidl_typesupport_fastrtps_c
[0.346s] [ 50%] Built target eufs_msgs__rosidl_typesupport_c
[0.346s] [ 74%] Built target eufs_msgs__rosidl_typesupport_cpp
[0.346s] [ 75%] Built target eufs_msgs__rosidl_typesupport_introspection_c
[0.403s] [ 88%] Built target eufs_msgs__rosidl_typesupport_introspection_cpp
[0.466s] [ 88%] Built target eufs_msgs
[0.545s] [ 88%] Built target eufs_msgs__py
[0.629s] running egg_info
[0.630s] writing eufs_msgs.egg-info/PKG-INFO
[0.630s] writing dependency_links to eufs_msgs.egg-info/dependency_links.txt
[0.631s] writing top-level names to eufs_msgs.egg-info/top_level.txt
[0.636s] reading manifest file 'eufs_msgs.egg-info/SOURCES.txt'
[0.638s] writing manifest file 'eufs_msgs.egg-info/SOURCES.txt'
[0.672s] [100%] Built target eufs_msgs__rosidl_generator_py
[0.692s] [100%] Built target ament_cmake_python_build_eufs_msgs_egg
[0.727s] [100%] Built target eufs_msgs__rosidl_typesupport_introspection_c__pyext
[0.749s] [100%] Built target eufs_msgs__rosidl_typesupport_c__pyext
[0.750s] [100%] Built target eufs_msgs__rosidl_typesupport_fastrtps_c__pyext
