[  0%] Built target eufs_msgs__cpp
[ 12%] Built target eufs_msgs__rosidl_generator_c
[ 24%] Built target eufs_msgs__rosidl_typesupport_cpp
[ 36%] Built target eufs_msgs__rosidl_typesupport_fastrtps_cpp
[ 36%] Built target ament_cmake_python_copy_eufs_msgs
[ 49%] Built target eufs_msgs__rosidl_typesupport_introspection_cpp
[ 62%] Built target eufs_msgs__rosidl_typesupport_introspection_c
[ 75%] Built target eufs_msgs__rosidl_typesupport_fastrtps_c
[ 88%] Built target eufs_msgs__rosidl_typesupport_c
[ 88%] Built target eufs_msgs
[ 88%] Built target eufs_msgs__py
[100%] Built target eufs_msgs__rosidl_generator_py
running egg_info
writing eufs_msgs.egg-info/PKG-INFO
writing dependency_links to eufs_msgs.egg-info/dependency_links.txt
writing top-level names to eufs_msgs.egg-info/top_level.txt
reading manifest file 'eufs_msgs.egg-info/SOURCES.txt'
writing manifest file 'eufs_msgs.egg-info/SOURCES.txt'
[100%] Built target eufs_msgs__rosidl_typesupport_fastrtps_c__pyext
[100%] Built target eufs_msgs__rosidl_typesupport_c__pyext
[100%] Built target eufs_msgs__rosidl_typesupport_introspection_c__pyext
[100%] Built target ament_cmake_python_build_eufs_msgs_egg
