[0.025s] Invoking command in '/home/orangepi/roscan_ws/build/eufs_msgs': CMAKE_PREFIX_PATH=${CMAKE_PREFIX_PATH}:/opt/ros/humble /usr/bin/cmake --build /home/orangepi/roscan_ws/build/eufs_msgs -- -j8 -l8
[0.180s] [  0%] Built target eufs_msgs__cpp
[0.211s] [ 12%] Built target eufs_msgs__rosidl_generator_c
[0.254s] [ 24%] Built target eufs_msgs__rosidl_typesupport_cpp
[0.263s] [ 36%] Built target eufs_msgs__rosidl_typesupport_fastrtps_cpp
[0.263s] [ 36%] Built target ament_cmake_python_copy_eufs_msgs
[0.277s] [ 49%] Built target eufs_msgs__rosidl_typesupport_introspection_cpp
[0.305s] [ 62%] Built target eufs_msgs__rosidl_typesupport_introspection_c
[0.314s] [ 75%] Built target eufs_msgs__rosidl_typesupport_fastrtps_c
[0.326s] [ 88%] Built target eufs_msgs__rosidl_typesupport_c
[0.394s] [ 88%] Built target eufs_msgs
[0.473s] [ 88%] Built target eufs_msgs__py
[0.601s] [100%] Built target eufs_msgs__rosidl_generator_py
[0.645s] running egg_info
[0.646s] writing eufs_msgs.egg-info/PKG-INFO
[0.647s] writing dependency_links to eufs_msgs.egg-info/dependency_links.txt
[0.648s] writing top-level names to eufs_msgs.egg-info/top_level.txt
[0.652s] reading manifest file 'eufs_msgs.egg-info/SOURCES.txt'
[0.654s] writing manifest file 'eufs_msgs.egg-info/SOURCES.txt'
[0.678s] [100%] Built target eufs_msgs__rosidl_typesupport_fastrtps_c__pyext
[0.679s] [100%] Built target eufs_msgs__rosidl_typesupport_c__pyext
[0.679s] [100%] Built target eufs_msgs__rosidl_typesupport_introspection_c__pyext
[0.726s] [100%] Built target ament_cmake_python_build_eufs_msgs_egg
[0.769s] Invoked command in '/home/orangepi/roscan_ws/build/eufs_msgs' returned '0': CMAKE_PREFIX_PATH=${CMAKE_PREFIX_PATH}:/opt/ros/humble /usr/bin/cmake --build /home/orangepi/roscan_ws/build/eufs_msgs -- -j8 -l8
