[0.031s] Invoking command in '/home/orangepi/roscan_ws/build/cpp_pubsub': CMAKE_PREFIX_PATH=/opt/ros/humble /usr/bin/cmake --build /home/orangepi/roscan_ws/build/cpp_pubsub -- -j8 -l8
[0.098s] -- Found ament_cmake: 1.3.5 (/opt/ros/humble/share/ament_cmake/cmake)
[0.336s] -- Found rclcpp: 16.0.5 (/opt/ros/humble/share/rclcpp/cmake)
[0.377s] -- Found rosidl_generator_c: 3.1.5 (/opt/ros/humble/share/rosidl_generator_c/cmake)
[0.378s] -- Found rosidl_adapter: 3.1.5 (/opt/ros/humble/share/rosidl_adapter/cmake)
[0.392s] -- Found rosidl_generator_cpp: 3.1.5 (/opt/ros/humble/share/rosidl_generator_cpp/cmake)
[0.404s] -- Using all available rosidl_typesupport_c: rosidl_typesupport_fastrtps_c;rosidl_typesupport_introspection_c
[0.426s] -- Using all available rosidl_typesupport_cpp: rosidl_typesupport_fastrtps_cpp;rosidl_typesupport_introspection_cpp
[0.508s] -- Found rmw_implementation_cmake: 6.1.1 (/opt/ros/humble/share/rmw_implementation_cmake/cmake)
[0.510s] -- Found rmw_fastrtps_cpp: 6.2.3 (/opt/ros/humble/share/rmw_fastrtps_cpp/cmake)
[0.683s] -- Using RMW implementation 'rmw_fastrtps_cpp' as default
[1.024s] -- Configuring done
[1.040s] -- Generating done
[1.043s] -- Build files have been written to: /home/orangepi/roscan_ws/build/cpp_pubsub
[1.111s] [35m[1mConsolidate compiler generated dependencies of target talker[0m
[1.141s] [ 25%] [32mBuilding CXX object CMakeFiles/listener.dir/src/subscriber_member_function.cpp.o[0m
[1.174s] [ 75%] Built target talker
[12.305s] [100%] [32m[1mLinking CXX executable listener[0m
[12.992s] [100%] Built target listener
[13.028s] Invoked command in '/home/orangepi/roscan_ws/build/cpp_pubsub' returned '0': CMAKE_PREFIX_PATH=/opt/ros/humble /usr/bin/cmake --build /home/orangepi/roscan_ws/build/cpp_pubsub -- -j8 -l8
[13.102s] Invoking command in '/home/orangepi/roscan_ws/build/cpp_pubsub': CMAKE_PREFIX_PATH=/opt/ros/humble /usr/bin/cmake --install /home/orangepi/roscan_ws/build/cpp_pubsub
[13.123s] -- Install configuration: ""
[13.124s] -- Installing: /home/orangepi/roscan_ws/install/cpp_pubsub/lib/cpp_pubsub/talker
[13.126s] -- Set runtime path of "/home/orangepi/roscan_ws/install/cpp_pubsub/lib/cpp_pubsub/talker" to ""
[13.126s] -- Installing: /home/orangepi/roscan_ws/install/cpp_pubsub/lib/cpp_pubsub/listener
[13.133s] -- Set runtime path of "/home/orangepi/roscan_ws/install/cpp_pubsub/lib/cpp_pubsub/listener" to ""
[13.133s] -- Installing: /home/orangepi/roscan_ws/install/cpp_pubsub/share/ament_index/resource_index/package_run_dependencies/cpp_pubsub
[13.134s] -- Installing: /home/orangepi/roscan_ws/install/cpp_pubsub/share/ament_index/resource_index/parent_prefix_path/cpp_pubsub
[13.134s] -- Installing: /home/orangepi/roscan_ws/install/cpp_pubsub/share/cpp_pubsub/environment/ament_prefix_path.sh
[13.135s] -- Installing: /home/orangepi/roscan_ws/install/cpp_pubsub/share/cpp_pubsub/environment/ament_prefix_path.dsv
[13.135s] -- Installing: /home/orangepi/roscan_ws/install/cpp_pubsub/share/cpp_pubsub/environment/path.sh
[13.136s] -- Installing: /home/orangepi/roscan_ws/install/cpp_pubsub/share/cpp_pubsub/environment/path.dsv
[13.136s] -- Installing: /home/orangepi/roscan_ws/install/cpp_pubsub/share/cpp_pubsub/local_setup.bash
[13.137s] -- Installing: /home/orangepi/roscan_ws/install/cpp_pubsub/share/cpp_pubsub/local_setup.sh
[13.137s] -- Installing: /home/orangepi/roscan_ws/install/cpp_pubsub/share/cpp_pubsub/local_setup.zsh
[13.137s] -- Installing: /home/orangepi/roscan_ws/install/cpp_pubsub/share/cpp_pubsub/local_setup.dsv
[13.149s] -- Installing: /home/orangepi/roscan_ws/install/cpp_pubsub/share/cpp_pubsub/package.dsv
[13.149s] -- Installing: /home/orangepi/roscan_ws/install/cpp_pubsub/share/ament_index/resource_index/packages/cpp_pubsub
[13.150s] -- Installing: /home/orangepi/roscan_ws/install/cpp_pubsub/share/cpp_pubsub/cmake/cpp_pubsubConfig.cmake
[13.150s] -- Installing: /home/orangepi/roscan_ws/install/cpp_pubsub/share/cpp_pubsub/cmake/cpp_pubsubConfig-version.cmake
[13.151s] -- Installing: /home/orangepi/roscan_ws/install/cpp_pubsub/share/cpp_pubsub/package.xml
[13.151s] Invoked command in '/home/orangepi/roscan_ws/build/cpp_pubsub' returned '0': CMAKE_PREFIX_PATH=/opt/ros/humble /usr/bin/cmake --install /home/orangepi/roscan_ws/build/cpp_pubsub
