[0.391s] DEBUG:colcon:Command line arguments: ['/usr/bin/colcon', 'build']
[0.391s] DEBUG:colcon:Parsed command line arguments: Namespace(log_base=None, log_level=None, verb_name='build', build_base='build', install_base='install', merge_install=False, symlink_install=False, test_result_base=None, continue_on_error=False, executor='parallel', parallel_workers=8, event_handlers=None, ignore_user_meta=False, metas=['./colcon.meta'], base_paths=['.'], packages_ignore=None, packages_ignore_regex=None, paths=None, packages_up_to=None, packages_up_to_regex=None, packages_above=None, packages_above_and_dependencies=None, packages_above_depth=None, packages_select_by_dep=None, packages_skip_by_dep=None, packages_skip_up_to=None, packages_select_build_failed=False, packages_skip_build_finished=False, packages_select_test_failures=False, packages_skip_test_passed=False, packages_select=None, packages_skip=None, packages_select_regex=None, packages_skip_regex=None, packages_start=None, packages_end=None, cmake_args=None, cmake_target=None, cmake_target_skip_unavailable=False, cmake_clean_cache=False, cmake_clean_first=False, cmake_force_configure=False, ament_cmake_args=None, catkin_cmake_args=None, catkin_skip_building_tests=False, verb_parser=<colcon_defaults.argument_parser.defaults.DefaultArgumentsDecorator object at 0x7f92fcf970>, verb_extension=<colcon_core.verb.build.BuildVerb object at 0x7f937e3f70>, main=<bound method BuildVerb.main of <colcon_core.verb.build.BuildVerb object at 0x7f937e3f70>>)
[0.439s] Level 1:colcon.colcon_core.package_discovery:discover_packages(colcon_meta) check parameters
[0.439s] Level 1:colcon.colcon_core.package_discovery:discover_packages(recursive) check parameters
[0.439s] Level 1:colcon.colcon_core.package_discovery:discover_packages(ignore) check parameters
[0.439s] Level 1:colcon.colcon_core.package_discovery:discover_packages(path) check parameters
[0.439s] Level 1:colcon.colcon_core.package_discovery:discover_packages(colcon_meta) discover
[0.439s] Level 1:colcon.colcon_core.package_discovery:discover_packages(recursive) discover
[0.439s] INFO:colcon.colcon_core.package_discovery:Crawling recursively for packages in '/home/orangepi/roscan_ws'
[0.440s] Level 1:colcon.colcon_core.package_identification:_identify(.) by extensions ['ignore', 'ignore_ament_install']
[0.440s] Level 1:colcon.colcon_core.package_identification:_identify(.) by extension 'ignore'
[0.440s] Level 1:colcon.colcon_core.package_identification:_identify(.) by extension 'ignore_ament_install'
[0.440s] Level 1:colcon.colcon_core.package_identification:_identify(.) by extensions ['colcon_pkg']
[0.440s] Level 1:colcon.colcon_core.package_identification:_identify(.) by extension 'colcon_pkg'
[0.440s] Level 1:colcon.colcon_core.package_identification:_identify(.) by extensions ['colcon_meta']
[0.440s] Level 1:colcon.colcon_core.package_identification:_identify(.) by extension 'colcon_meta'
[0.440s] Level 1:colcon.colcon_core.package_identification:_identify(.) by extensions ['ros']
[0.440s] Level 1:colcon.colcon_core.package_identification:_identify(.) by extension 'ros'
[0.456s] Level 1:colcon.colcon_core.package_identification:_identify(.) by extensions ['cmake', 'python']
[0.456s] Level 1:colcon.colcon_core.package_identification:_identify(.) by extension 'cmake'
[0.456s] Level 1:colcon.colcon_core.package_identification:_identify(.) by extension 'python'
[0.456s] Level 1:colcon.colcon_core.package_identification:_identify(.) by extensions ['python_setup_py']
[0.456s] Level 1:colcon.colcon_core.package_identification:_identify(.) by extension 'python_setup_py'
[0.457s] Level 1:colcon.colcon_core.package_identification:_identify(build) by extensions ['ignore', 'ignore_ament_install']
[0.457s] Level 1:colcon.colcon_core.package_identification:_identify(build) by extension 'ignore'
[0.457s] Level 1:colcon.colcon_core.package_identification:_identify(build) ignored
[0.457s] Level 1:colcon.colcon_core.package_identification:_identify(install) by extensions ['ignore', 'ignore_ament_install']
[0.457s] Level 1:colcon.colcon_core.package_identification:_identify(install) by extension 'ignore'
[0.457s] Level 1:colcon.colcon_core.package_identification:_identify(install) ignored
[0.457s] Level 1:colcon.colcon_core.package_identification:_identify(log) by extensions ['ignore', 'ignore_ament_install']
[0.457s] Level 1:colcon.colcon_core.package_identification:_identify(log) by extension 'ignore'
[0.457s] Level 1:colcon.colcon_core.package_identification:_identify(log) ignored
[0.457s] Level 1:colcon.colcon_core.package_identification:_identify(src) by extensions ['ignore', 'ignore_ament_install']
[0.458s] Level 1:colcon.colcon_core.package_identification:_identify(src) by extension 'ignore'
[0.458s] Level 1:colcon.colcon_core.package_identification:_identify(src) by extension 'ignore_ament_install'
[0.458s] Level 1:colcon.colcon_core.package_identification:_identify(src) by extensions ['colcon_pkg']
[0.458s] Level 1:colcon.colcon_core.package_identification:_identify(src) by extension 'colcon_pkg'
[0.458s] Level 1:colcon.colcon_core.package_identification:_identify(src) by extensions ['colcon_meta']
[0.458s] Level 1:colcon.colcon_core.package_identification:_identify(src) by extension 'colcon_meta'
[0.458s] Level 1:colcon.colcon_core.package_identification:_identify(src) by extensions ['ros']
[0.458s] Level 1:colcon.colcon_core.package_identification:_identify(src) by extension 'ros'
[0.458s] Level 1:colcon.colcon_core.package_identification:_identify(src) by extensions ['cmake', 'python']
[0.458s] Level 1:colcon.colcon_core.package_identification:_identify(src) by extension 'cmake'
[0.458s] Level 1:colcon.colcon_core.package_identification:_identify(src) by extension 'python'
[0.458s] Level 1:colcon.colcon_core.package_identification:_identify(src) by extensions ['python_setup_py']
[0.458s] Level 1:colcon.colcon_core.package_identification:_identify(src) by extension 'python_setup_py'
[0.458s] Level 1:colcon.colcon_core.package_identification:_identify(src/cpp_pubsub) by extensions ['ignore', 'ignore_ament_install']
[0.458s] Level 1:colcon.colcon_core.package_identification:_identify(src/cpp_pubsub) by extension 'ignore'
[0.458s] Level 1:colcon.colcon_core.package_identification:_identify(src/cpp_pubsub) by extension 'ignore_ament_install'
[0.458s] Level 1:colcon.colcon_core.package_identification:_identify(src/cpp_pubsub) by extensions ['colcon_pkg']
[0.459s] Level 1:colcon.colcon_core.package_identification:_identify(src/cpp_pubsub) by extension 'colcon_pkg'
[0.459s] Level 1:colcon.colcon_core.package_identification:_identify(src/cpp_pubsub) by extensions ['colcon_meta']
[0.459s] Level 1:colcon.colcon_core.package_identification:_identify(src/cpp_pubsub) by extension 'colcon_meta'
[0.459s] Level 1:colcon.colcon_core.package_identification:_identify(src/cpp_pubsub) by extensions ['ros']
[0.459s] Level 1:colcon.colcon_core.package_identification:_identify(src/cpp_pubsub) by extension 'ros'
[0.462s] DEBUG:colcon.colcon_core.package_identification:Package 'src/cpp_pubsub' with type 'ros.ament_cmake' and name 'cpp_pubsub'
[0.462s] Level 1:colcon.colcon_core.package_identification:_identify(src/eufs_msgs) by extensions ['ignore', 'ignore_ament_install']
[0.462s] Level 1:colcon.colcon_core.package_identification:_identify(src/eufs_msgs) by extension 'ignore'
[0.462s] Level 1:colcon.colcon_core.package_identification:_identify(src/eufs_msgs) by extension 'ignore_ament_install'
[0.462s] Level 1:colcon.colcon_core.package_identification:_identify(src/eufs_msgs) by extensions ['colcon_pkg']
[0.462s] Level 1:colcon.colcon_core.package_identification:_identify(src/eufs_msgs) by extension 'colcon_pkg'
[0.462s] Level 1:colcon.colcon_core.package_identification:_identify(src/eufs_msgs) by extensions ['colcon_meta']
[0.462s] Level 1:colcon.colcon_core.package_identification:_identify(src/eufs_msgs) by extension 'colcon_meta'
[0.462s] Level 1:colcon.colcon_core.package_identification:_identify(src/eufs_msgs) by extensions ['ros']
[0.462s] Level 1:colcon.colcon_core.package_identification:_identify(src/eufs_msgs) by extension 'ros'
[0.463s] DEBUG:colcon.colcon_core.package_identification:Package 'src/eufs_msgs' with type 'ros.ament_cmake' and name 'eufs_msgs'
[0.463s] Level 1:colcon.colcon_core.package_identification:_identify(src/roscan) by extensions ['ignore', 'ignore_ament_install']
[0.464s] Level 1:colcon.colcon_core.package_identification:_identify(src/roscan) by extension 'ignore'
[0.464s] Level 1:colcon.colcon_core.package_identification:_identify(src/roscan) by extension 'ignore_ament_install'
[0.464s] Level 1:colcon.colcon_core.package_identification:_identify(src/roscan) by extensions ['colcon_pkg']
[0.464s] Level 1:colcon.colcon_core.package_identification:_identify(src/roscan) by extension 'colcon_pkg'
[0.464s] Level 1:colcon.colcon_core.package_identification:_identify(src/roscan) by extensions ['colcon_meta']
[0.464s] Level 1:colcon.colcon_core.package_identification:_identify(src/roscan) by extension 'colcon_meta'
[0.464s] Level 1:colcon.colcon_core.package_identification:_identify(src/roscan) by extensions ['ros']
[0.464s] Level 1:colcon.colcon_core.package_identification:_identify(src/roscan) by extension 'ros'
[0.464s] DEBUG:colcon.colcon_core.package_identification:Package 'src/roscan' with type 'ros.ament_cmake' and name 'roscan'
[0.464s] Level 1:colcon.colcon_core.package_discovery:discover_packages(recursive) using defaults
[0.465s] Level 1:colcon.colcon_core.package_discovery:discover_packages(ignore) discover
[0.465s] Level 1:colcon.colcon_core.package_discovery:discover_packages(ignore) using defaults
[0.465s] Level 1:colcon.colcon_core.package_discovery:discover_packages(path) discover
[0.465s] Level 1:colcon.colcon_core.package_discovery:discover_packages(path) using defaults
[0.495s] Level 5:colcon.colcon_core.verb:set package 'cpp_pubsub' build argument 'cmake_args' from command line to 'None'
[0.495s] Level 5:colcon.colcon_core.verb:set package 'cpp_pubsub' build argument 'cmake_target' from command line to 'None'
[0.495s] Level 5:colcon.colcon_core.verb:set package 'cpp_pubsub' build argument 'cmake_target_skip_unavailable' from command line to 'False'
[0.495s] Level 5:colcon.colcon_core.verb:set package 'cpp_pubsub' build argument 'cmake_clean_cache' from command line to 'False'
[0.495s] Level 5:colcon.colcon_core.verb:set package 'cpp_pubsub' build argument 'cmake_clean_first' from command line to 'False'
[0.495s] Level 5:colcon.colcon_core.verb:set package 'cpp_pubsub' build argument 'cmake_force_configure' from command line to 'False'
[0.496s] Level 5:colcon.colcon_core.verb:set package 'cpp_pubsub' build argument 'ament_cmake_args' from command line to 'None'
[0.496s] Level 5:colcon.colcon_core.verb:set package 'cpp_pubsub' build argument 'catkin_cmake_args' from command line to 'None'
[0.496s] Level 5:colcon.colcon_core.verb:set package 'cpp_pubsub' build argument 'catkin_skip_building_tests' from command line to 'False'
[0.496s] DEBUG:colcon.colcon_core.verb:Building package 'cpp_pubsub' with the following arguments: {'ament_cmake_args': None, 'build_base': '/home/orangepi/roscan_ws/build/cpp_pubsub', 'catkin_cmake_args': None, 'catkin_skip_building_tests': False, 'cmake_args': None, 'cmake_clean_cache': False, 'cmake_clean_first': False, 'cmake_force_configure': False, 'cmake_target': None, 'cmake_target_skip_unavailable': False, 'install_base': '/home/orangepi/roscan_ws/install/cpp_pubsub', 'merge_install': False, 'path': '/home/orangepi/roscan_ws/src/cpp_pubsub', 'symlink_install': False, 'test_result_base': None}
[0.497s] Level 5:colcon.colcon_core.verb:set package 'eufs_msgs' build argument 'cmake_args' from command line to 'None'
[0.497s] Level 5:colcon.colcon_core.verb:set package 'eufs_msgs' build argument 'cmake_target' from command line to 'None'
[0.497s] Level 5:colcon.colcon_core.verb:set package 'eufs_msgs' build argument 'cmake_target_skip_unavailable' from command line to 'False'
[0.497s] Level 5:colcon.colcon_core.verb:set package 'eufs_msgs' build argument 'cmake_clean_cache' from command line to 'False'
[0.497s] Level 5:colcon.colcon_core.verb:set package 'eufs_msgs' build argument 'cmake_clean_first' from command line to 'False'
[0.497s] Level 5:colcon.colcon_core.verb:set package 'eufs_msgs' build argument 'cmake_force_configure' from command line to 'False'
[0.497s] Level 5:colcon.colcon_core.verb:set package 'eufs_msgs' build argument 'ament_cmake_args' from command line to 'None'
[0.497s] Level 5:colcon.colcon_core.verb:set package 'eufs_msgs' build argument 'catkin_cmake_args' from command line to 'None'
[0.497s] Level 5:colcon.colcon_core.verb:set package 'eufs_msgs' build argument 'catkin_skip_building_tests' from command line to 'False'
[0.497s] DEBUG:colcon.colcon_core.verb:Building package 'eufs_msgs' with the following arguments: {'ament_cmake_args': None, 'build_base': '/home/orangepi/roscan_ws/build/eufs_msgs', 'catkin_cmake_args': None, 'catkin_skip_building_tests': False, 'cmake_args': None, 'cmake_clean_cache': False, 'cmake_clean_first': False, 'cmake_force_configure': False, 'cmake_target': None, 'cmake_target_skip_unavailable': False, 'install_base': '/home/orangepi/roscan_ws/install/eufs_msgs', 'merge_install': False, 'path': '/home/orangepi/roscan_ws/src/eufs_msgs', 'symlink_install': False, 'test_result_base': None}
[0.498s] Level 5:colcon.colcon_core.verb:set package 'roscan' build argument 'cmake_args' from command line to 'None'
[0.498s] Level 5:colcon.colcon_core.verb:set package 'roscan' build argument 'cmake_target' from command line to 'None'
[0.498s] Level 5:colcon.colcon_core.verb:set package 'roscan' build argument 'cmake_target_skip_unavailable' from command line to 'False'
[0.499s] Level 5:colcon.colcon_core.verb:set package 'roscan' build argument 'cmake_clean_cache' from command line to 'False'
[0.499s] Level 5:colcon.colcon_core.verb:set package 'roscan' build argument 'cmake_clean_first' from command line to 'False'
[0.499s] Level 5:colcon.colcon_core.verb:set package 'roscan' build argument 'cmake_force_configure' from command line to 'False'
[0.499s] Level 5:colcon.colcon_core.verb:set package 'roscan' build argument 'ament_cmake_args' from command line to 'None'
[0.499s] Level 5:colcon.colcon_core.verb:set package 'roscan' build argument 'catkin_cmake_args' from command line to 'None'
[0.499s] Level 5:colcon.colcon_core.verb:set package 'roscan' build argument 'catkin_skip_building_tests' from command line to 'False'
[0.499s] DEBUG:colcon.colcon_core.verb:Building package 'roscan' with the following arguments: {'ament_cmake_args': None, 'build_base': '/home/orangepi/roscan_ws/build/roscan', 'catkin_cmake_args': None, 'catkin_skip_building_tests': False, 'cmake_args': None, 'cmake_clean_cache': False, 'cmake_clean_first': False, 'cmake_force_configure': False, 'cmake_target': None, 'cmake_target_skip_unavailable': False, 'install_base': '/home/orangepi/roscan_ws/install/roscan', 'merge_install': False, 'path': '/home/orangepi/roscan_ws/src/roscan', 'symlink_install': False, 'test_result_base': None}
[0.499s] INFO:colcon.colcon_core.executor:Executing jobs using 'parallel' executor
[0.503s] DEBUG:colcon.colcon_parallel_executor.executor.parallel:run_until_complete
[0.504s] INFO:colcon.colcon_ros.task.ament_cmake.build:Building ROS package in '/home/orangepi/roscan_ws/src/cpp_pubsub' with build type 'ament_cmake'
[0.504s] INFO:colcon.colcon_cmake.task.cmake.build:Building CMake package in '/home/orangepi/roscan_ws/src/cpp_pubsub'
[0.510s] INFO:colcon.colcon_core.plugin_system:Skipping extension 'colcon_core.shell.bat': Not used on non-Windows systems
[0.511s] INFO:colcon.colcon_core.shell:Skip shell extension 'powershell' for command environment: Not usable outside of PowerShell
[0.511s] DEBUG:colcon.colcon_core.shell:Skip shell extension 'dsv' for command environment
[0.517s] INFO:colcon.colcon_ros.task.ament_cmake.build:Building ROS package in '/home/orangepi/roscan_ws/src/eufs_msgs' with build type 'ament_cmake'
[0.517s] INFO:colcon.colcon_cmake.task.cmake.build:Building CMake package in '/home/orangepi/roscan_ws/src/eufs_msgs'
[0.519s] INFO:colcon.colcon_core.shell:Skip shell extension 'powershell' for command environment: Not usable outside of PowerShell
[0.519s] DEBUG:colcon.colcon_core.shell:Skip shell extension 'dsv' for command environment
[0.524s] INFO:colcon.colcon_ros.task.ament_cmake.build:Building ROS package in '/home/orangepi/roscan_ws/src/roscan' with build type 'ament_cmake'
[0.525s] INFO:colcon.colcon_cmake.task.cmake.build:Building CMake package in '/home/orangepi/roscan_ws/src/roscan'
[0.526s] INFO:colcon.colcon_core.shell:Skip shell extension 'powershell' for command environment: Not usable outside of PowerShell
[0.526s] DEBUG:colcon.colcon_core.shell:Skip shell extension 'dsv' for command environment
[0.539s] DEBUG:colcon.colcon_core.event_handler.log_command:Invoking command in '/home/orangepi/roscan_ws/build/cpp_pubsub': CMAKE_PREFIX_PATH=/opt/ros/humble /usr/bin/cmake --build /home/orangepi/roscan_ws/build/cpp_pubsub -- -j8 -l8
[0.544s] DEBUG:colcon.colcon_core.event_handler.log_command:Invoking command in '/home/orangepi/roscan_ws/build/eufs_msgs': CMAKE_PREFIX_PATH=/opt/ros/humble /usr/bin/cmake --build /home/orangepi/roscan_ws/build/eufs_msgs -- -j8 -l8
[0.550s] DEBUG:colcon.colcon_core.event_handler.log_command:Invoking command in '/home/orangepi/roscan_ws/build/roscan': CMAKE_PREFIX_PATH=/opt/ros/humble /usr/bin/cmake --build /home/orangepi/roscan_ws/build/roscan -- -j8 -l8
[0.736s] DEBUG:colcon.colcon_core.event_handler.log_command:Invoked command in '/home/orangepi/roscan_ws/build/roscan' returned '0': CMAKE_PREFIX_PATH=/opt/ros/humble /usr/bin/cmake --build /home/orangepi/roscan_ws/build/roscan -- -j8 -l8
[0.836s] DEBUG:colcon.colcon_core.event_handler.log_command:Invoking command in '/home/orangepi/roscan_ws/build/roscan': CMAKE_PREFIX_PATH=/opt/ros/humble /usr/bin/cmake --install /home/orangepi/roscan_ws/build/roscan
[0.865s] Level 1:colcon.colcon_core.environment:create_environment_scripts_only(roscan)
[0.868s] DEBUG:colcon.colcon_core.event_handler.log_command:Invoked command in '/home/orangepi/roscan_ws/build/roscan' returned '0': CMAKE_PREFIX_PATH=/opt/ros/humble /usr/bin/cmake --install /home/orangepi/roscan_ws/build/roscan
[0.888s] Level 1:colcon.colcon_core.environment:checking '/home/orangepi/roscan_ws/install/roscan' for CMake module files
[0.891s] Level 1:colcon.colcon_core.environment:checking '/home/orangepi/roscan_ws/install/roscan' for CMake config files
[0.891s] Level 1:colcon.colcon_core.shell:create_environment_hook('roscan', 'cmake_prefix_path')
[0.899s] INFO:colcon.colcon_core.shell:Creating environment hook '/home/orangepi/roscan_ws/install/roscan/share/roscan/hook/cmake_prefix_path.ps1'
[0.903s] INFO:colcon.colcon_core.shell:Creating environment descriptor '/home/orangepi/roscan_ws/install/roscan/share/roscan/hook/cmake_prefix_path.dsv'
[0.905s] INFO:colcon.colcon_core.shell:Creating environment hook '/home/orangepi/roscan_ws/install/roscan/share/roscan/hook/cmake_prefix_path.sh'
[0.909s] Level 1:colcon.colcon_core.environment:checking '/home/orangepi/roscan_ws/install/roscan/lib'
[0.910s] Level 1:colcon.colcon_core.environment:checking '/home/orangepi/roscan_ws/install/roscan/bin'
[0.910s] Level 1:colcon.colcon_core.environment:checking '/home/orangepi/roscan_ws/install/roscan/lib/pkgconfig/roscan.pc'
[0.919s] Level 1:colcon.colcon_core.environment:checking '/home/orangepi/roscan_ws/install/roscan/lib/python3.10/site-packages'
[0.920s] Level 1:colcon.colcon_core.environment:checking '/home/orangepi/roscan_ws/install/roscan/bin'
[0.927s] INFO:colcon.colcon_core.shell:Creating package script '/home/orangepi/roscan_ws/install/roscan/share/roscan/package.ps1'
[0.930s] INFO:colcon.colcon_core.shell:Creating package descriptor '/home/orangepi/roscan_ws/install/roscan/share/roscan/package.dsv'
[0.931s] INFO:colcon.colcon_core.shell:Creating package script '/home/orangepi/roscan_ws/install/roscan/share/roscan/package.sh'
[0.932s] INFO:colcon.colcon_core.shell:Creating package script '/home/orangepi/roscan_ws/install/roscan/share/roscan/package.bash'
[0.934s] INFO:colcon.colcon_core.shell:Creating package script '/home/orangepi/roscan_ws/install/roscan/share/roscan/package.zsh'
[0.935s] Level 1:colcon.colcon_core.environment:create_file_with_runtime_dependencies(/home/orangepi/roscan_ws/install/roscan/share/colcon-core/packages/roscan)
[0.995s] Level 1:colcon.colcon_core.environment:create_environment_scripts_only(roscan)
[0.998s] Level 1:colcon.colcon_core.environment:checking '/home/orangepi/roscan_ws/install/roscan' for CMake module files
[0.999s] Level 1:colcon.colcon_core.environment:checking '/home/orangepi/roscan_ws/install/roscan' for CMake config files
[0.999s] Level 1:colcon.colcon_core.shell:create_environment_hook('roscan', 'cmake_prefix_path')
[1.001s] INFO:colcon.colcon_core.shell:Creating environment hook '/home/orangepi/roscan_ws/install/roscan/share/roscan/hook/cmake_prefix_path.ps1'
[1.001s] INFO:colcon.colcon_core.shell:Creating environment descriptor '/home/orangepi/roscan_ws/install/roscan/share/roscan/hook/cmake_prefix_path.dsv'
[1.002s] INFO:colcon.colcon_core.shell:Creating environment hook '/home/orangepi/roscan_ws/install/roscan/share/roscan/hook/cmake_prefix_path.sh'
[1.003s] Level 1:colcon.colcon_core.environment:checking '/home/orangepi/roscan_ws/install/roscan/lib'
[1.003s] Level 1:colcon.colcon_core.environment:checking '/home/orangepi/roscan_ws/install/roscan/bin'
[1.003s] Level 1:colcon.colcon_core.environment:checking '/home/orangepi/roscan_ws/install/roscan/lib/pkgconfig/roscan.pc'
[1.004s] Level 1:colcon.colcon_core.environment:checking '/home/orangepi/roscan_ws/install/roscan/lib/python3.10/site-packages'
[1.004s] Level 1:colcon.colcon_core.environment:checking '/home/orangepi/roscan_ws/install/roscan/bin'
[1.006s] INFO:colcon.colcon_core.shell:Creating package script '/home/orangepi/roscan_ws/install/roscan/share/roscan/package.ps1'
[1.007s] INFO:colcon.colcon_core.shell:Creating package descriptor '/home/orangepi/roscan_ws/install/roscan/share/roscan/package.dsv'
[1.008s] INFO:colcon.colcon_core.shell:Creating package script '/home/orangepi/roscan_ws/install/roscan/share/roscan/package.sh'
[1.008s] INFO:colcon.colcon_core.shell:Creating package script '/home/orangepi/roscan_ws/install/roscan/share/roscan/package.bash'
[1.009s] INFO:colcon.colcon_core.shell:Creating package script '/home/orangepi/roscan_ws/install/roscan/share/roscan/package.zsh'
[1.009s] Level 1:colcon.colcon_core.environment:create_file_with_runtime_dependencies(/home/orangepi/roscan_ws/install/roscan/share/colcon-core/packages/roscan)
[1.255s] DEBUG:colcon.colcon_core.event_handler.log_command:Invoked command in '/home/orangepi/roscan_ws/build/eufs_msgs' returned '0': CMAKE_PREFIX_PATH=/opt/ros/humble /usr/bin/cmake --build /home/orangepi/roscan_ws/build/eufs_msgs -- -j8 -l8
[3.145s] DEBUG:colcon.colcon_core.event_handler.log_command:Invoking command in '/home/orangepi/roscan_ws/build/eufs_msgs': CMAKE_PREFIX_PATH=/opt/ros/humble /usr/bin/cmake --install /home/orangepi/roscan_ws/build/eufs_msgs
[3.492s] Level 1:colcon.colcon_core.environment:create_environment_scripts_only(eufs_msgs)
[3.503s] Level 1:colcon.colcon_core.environment:checking '/home/orangepi/roscan_ws/install/eufs_msgs' for CMake module files
[3.512s] Level 1:colcon.colcon_core.environment:checking '/home/orangepi/roscan_ws/install/eufs_msgs' for CMake config files
[3.526s] DEBUG:colcon.colcon_core.event_handler.log_command:Invoked command in '/home/orangepi/roscan_ws/build/eufs_msgs' returned '0': CMAKE_PREFIX_PATH=/opt/ros/humble /usr/bin/cmake --install /home/orangepi/roscan_ws/build/eufs_msgs
[3.528s] Level 1:colcon.colcon_core.shell:create_environment_hook('eufs_msgs', 'cmake_prefix_path')
[3.535s] INFO:colcon.colcon_core.shell:Creating environment hook '/home/orangepi/roscan_ws/install/eufs_msgs/share/eufs_msgs/hook/cmake_prefix_path.ps1'
[3.537s] INFO:colcon.colcon_core.shell:Creating environment descriptor '/home/orangepi/roscan_ws/install/eufs_msgs/share/eufs_msgs/hook/cmake_prefix_path.dsv'
[3.538s] INFO:colcon.colcon_core.shell:Creating environment hook '/home/orangepi/roscan_ws/install/eufs_msgs/share/eufs_msgs/hook/cmake_prefix_path.sh'
[3.539s] Level 1:colcon.colcon_core.environment:checking '/home/orangepi/roscan_ws/install/eufs_msgs/lib'
[3.540s] Level 1:colcon.colcon_core.shell:create_environment_hook('eufs_msgs', 'ld_library_path_lib')
[3.546s] INFO:colcon.colcon_core.shell:Creating environment hook '/home/orangepi/roscan_ws/install/eufs_msgs/share/eufs_msgs/hook/ld_library_path_lib.ps1'
[3.548s] INFO:colcon.colcon_core.shell:Creating environment descriptor '/home/orangepi/roscan_ws/install/eufs_msgs/share/eufs_msgs/hook/ld_library_path_lib.dsv'
[3.549s] INFO:colcon.colcon_core.shell:Creating environment hook '/home/orangepi/roscan_ws/install/eufs_msgs/share/eufs_msgs/hook/ld_library_path_lib.sh'
[3.550s] Level 1:colcon.colcon_core.environment:checking '/home/orangepi/roscan_ws/install/eufs_msgs/bin'
[3.551s] Level 1:colcon.colcon_core.environment:checking '/home/orangepi/roscan_ws/install/eufs_msgs/lib/pkgconfig/eufs_msgs.pc'
[3.552s] Level 1:colcon.colcon_core.environment:checking '/home/orangepi/roscan_ws/install/eufs_msgs/lib/python3.10/site-packages'
[3.553s] Level 1:colcon.colcon_core.environment:checking '/home/orangepi/roscan_ws/install/eufs_msgs/bin'
[3.557s] INFO:colcon.colcon_core.shell:Creating package script '/home/orangepi/roscan_ws/install/eufs_msgs/share/eufs_msgs/package.ps1'
[3.558s] INFO:colcon.colcon_core.shell:Creating package descriptor '/home/orangepi/roscan_ws/install/eufs_msgs/share/eufs_msgs/package.dsv'
[3.559s] INFO:colcon.colcon_core.shell:Creating package script '/home/orangepi/roscan_ws/install/eufs_msgs/share/eufs_msgs/package.sh'
[3.559s] INFO:colcon.colcon_core.shell:Creating package script '/home/orangepi/roscan_ws/install/eufs_msgs/share/eufs_msgs/package.bash'
[3.560s] INFO:colcon.colcon_core.shell:Creating package script '/home/orangepi/roscan_ws/install/eufs_msgs/share/eufs_msgs/package.zsh'
[3.560s] Level 1:colcon.colcon_core.environment:create_file_with_runtime_dependencies(/home/orangepi/roscan_ws/install/eufs_msgs/share/colcon-core/packages/eufs_msgs)
[5.586s] Level 1:colcon.colcon_core.environment:create_environment_scripts_only(eufs_msgs)
[5.588s] Level 1:colcon.colcon_core.environment:checking '/home/orangepi/roscan_ws/install/eufs_msgs' for CMake module files
[5.589s] Level 1:colcon.colcon_core.environment:checking '/home/orangepi/roscan_ws/install/eufs_msgs' for CMake config files
[5.590s] Level 1:colcon.colcon_core.shell:create_environment_hook('eufs_msgs', 'cmake_prefix_path')
[5.592s] INFO:colcon.colcon_core.shell:Creating environment hook '/home/orangepi/roscan_ws/install/eufs_msgs/share/eufs_msgs/hook/cmake_prefix_path.ps1'
[5.593s] INFO:colcon.colcon_core.shell:Creating environment descriptor '/home/orangepi/roscan_ws/install/eufs_msgs/share/eufs_msgs/hook/cmake_prefix_path.dsv'
[5.593s] INFO:colcon.colcon_core.shell:Creating environment hook '/home/orangepi/roscan_ws/install/eufs_msgs/share/eufs_msgs/hook/cmake_prefix_path.sh'
[5.594s] Level 1:colcon.colcon_core.environment:checking '/home/orangepi/roscan_ws/install/eufs_msgs/lib'
[5.594s] Level 1:colcon.colcon_core.shell:create_environment_hook('eufs_msgs', 'ld_library_path_lib')
[5.596s] INFO:colcon.colcon_core.shell:Creating environment hook '/home/orangepi/roscan_ws/install/eufs_msgs/share/eufs_msgs/hook/ld_library_path_lib.ps1'
[5.596s] INFO:colcon.colcon_core.shell:Creating environment descriptor '/home/orangepi/roscan_ws/install/eufs_msgs/share/eufs_msgs/hook/ld_library_path_lib.dsv'
[5.597s] INFO:colcon.colcon_core.shell:Creating environment hook '/home/orangepi/roscan_ws/install/eufs_msgs/share/eufs_msgs/hook/ld_library_path_lib.sh'
[5.597s] Level 1:colcon.colcon_core.environment:checking '/home/orangepi/roscan_ws/install/eufs_msgs/bin'
[5.597s] Level 1:colcon.colcon_core.environment:checking '/home/orangepi/roscan_ws/install/eufs_msgs/lib/pkgconfig/eufs_msgs.pc'
[5.598s] Level 1:colcon.colcon_core.environment:checking '/home/orangepi/roscan_ws/install/eufs_msgs/lib/python3.10/site-packages'
[5.598s] Level 1:colcon.colcon_core.environment:checking '/home/orangepi/roscan_ws/install/eufs_msgs/bin'
[5.600s] INFO:colcon.colcon_core.shell:Creating package script '/home/orangepi/roscan_ws/install/eufs_msgs/share/eufs_msgs/package.ps1'
[5.601s] INFO:colcon.colcon_core.shell:Creating package descriptor '/home/orangepi/roscan_ws/install/eufs_msgs/share/eufs_msgs/package.dsv'
[5.601s] INFO:colcon.colcon_core.shell:Creating package script '/home/orangepi/roscan_ws/install/eufs_msgs/share/eufs_msgs/package.sh'
[5.602s] INFO:colcon.colcon_core.shell:Creating package script '/home/orangepi/roscan_ws/install/eufs_msgs/share/eufs_msgs/package.bash'
[5.602s] INFO:colcon.colcon_core.shell:Creating package script '/home/orangepi/roscan_ws/install/eufs_msgs/share/eufs_msgs/package.zsh'
[5.603s] Level 1:colcon.colcon_core.environment:create_file_with_runtime_dependencies(/home/orangepi/roscan_ws/install/eufs_msgs/share/colcon-core/packages/eufs_msgs)
[13.536s] DEBUG:colcon.colcon_core.event_handler.log_command:Invoked command in '/home/orangepi/roscan_ws/build/cpp_pubsub' returned '0': CMAKE_PREFIX_PATH=/opt/ros/humble /usr/bin/cmake --build /home/orangepi/roscan_ws/build/cpp_pubsub -- -j8 -l8
[13.610s] DEBUG:colcon.colcon_core.event_handler.log_command:Invoking command in '/home/orangepi/roscan_ws/build/cpp_pubsub': CMAKE_PREFIX_PATH=/opt/ros/humble /usr/bin/cmake --install /home/orangepi/roscan_ws/build/cpp_pubsub
[13.647s] Level 1:colcon.colcon_core.environment:create_environment_scripts_only(cpp_pubsub)
[13.660s] DEBUG:colcon.colcon_core.event_handler.log_command:Invoked command in '/home/orangepi/roscan_ws/build/cpp_pubsub' returned '0': CMAKE_PREFIX_PATH=/opt/ros/humble /usr/bin/cmake --install /home/orangepi/roscan_ws/build/cpp_pubsub
[13.661s] Level 1:colcon.colcon_core.environment:checking '/home/orangepi/roscan_ws/install/cpp_pubsub' for CMake module files
[13.663s] Level 1:colcon.colcon_core.environment:checking '/home/orangepi/roscan_ws/install/cpp_pubsub' for CMake config files
[13.664s] Level 1:colcon.colcon_core.shell:create_environment_hook('cpp_pubsub', 'cmake_prefix_path')
[13.670s] INFO:colcon.colcon_core.shell:Creating environment hook '/home/orangepi/roscan_ws/install/cpp_pubsub/share/cpp_pubsub/hook/cmake_prefix_path.ps1'
[13.672s] INFO:colcon.colcon_core.shell:Creating environment descriptor '/home/orangepi/roscan_ws/install/cpp_pubsub/share/cpp_pubsub/hook/cmake_prefix_path.dsv'
[13.673s] INFO:colcon.colcon_core.shell:Creating environment hook '/home/orangepi/roscan_ws/install/cpp_pubsub/share/cpp_pubsub/hook/cmake_prefix_path.sh'
[13.674s] Level 1:colcon.colcon_core.environment:checking '/home/orangepi/roscan_ws/install/cpp_pubsub/lib'
[13.674s] Level 1:colcon.colcon_core.environment:checking '/home/orangepi/roscan_ws/install/cpp_pubsub/bin'
[13.675s] Level 1:colcon.colcon_core.environment:checking '/home/orangepi/roscan_ws/install/cpp_pubsub/lib/pkgconfig/cpp_pubsub.pc'
[13.676s] Level 1:colcon.colcon_core.environment:checking '/home/orangepi/roscan_ws/install/cpp_pubsub/lib/python3.10/site-packages'
[13.677s] Level 1:colcon.colcon_core.environment:checking '/home/orangepi/roscan_ws/install/cpp_pubsub/bin'
[13.683s] INFO:colcon.colcon_core.shell:Creating package script '/home/orangepi/roscan_ws/install/cpp_pubsub/share/cpp_pubsub/package.ps1'
[13.685s] INFO:colcon.colcon_core.shell:Creating package descriptor '/home/orangepi/roscan_ws/install/cpp_pubsub/share/cpp_pubsub/package.dsv'
[13.686s] INFO:colcon.colcon_core.shell:Creating package script '/home/orangepi/roscan_ws/install/cpp_pubsub/share/cpp_pubsub/package.sh'
[13.687s] INFO:colcon.colcon_core.shell:Creating package script '/home/orangepi/roscan_ws/install/cpp_pubsub/share/cpp_pubsub/package.bash'
[13.689s] INFO:colcon.colcon_core.shell:Creating package script '/home/orangepi/roscan_ws/install/cpp_pubsub/share/cpp_pubsub/package.zsh'
[13.689s] Level 1:colcon.colcon_core.environment:create_file_with_runtime_dependencies(/home/orangepi/roscan_ws/install/cpp_pubsub/share/colcon-core/packages/cpp_pubsub)
[13.770s] Level 1:colcon.colcon_core.environment:create_environment_scripts_only(cpp_pubsub)
[13.780s] Level 1:colcon.colcon_core.environment:checking '/home/orangepi/roscan_ws/install/cpp_pubsub' for CMake module files
[13.782s] Level 1:colcon.colcon_core.environment:checking '/home/orangepi/roscan_ws/install/cpp_pubsub' for CMake config files
[13.783s] Level 1:colcon.colcon_core.shell:create_environment_hook('cpp_pubsub', 'cmake_prefix_path')
[13.789s] INFO:colcon.colcon_core.shell:Creating environment hook '/home/orangepi/roscan_ws/install/cpp_pubsub/share/cpp_pubsub/hook/cmake_prefix_path.ps1'
[13.791s] INFO:colcon.colcon_core.shell:Creating environment descriptor '/home/orangepi/roscan_ws/install/cpp_pubsub/share/cpp_pubsub/hook/cmake_prefix_path.dsv'
[13.793s] INFO:colcon.colcon_core.shell:Creating environment hook '/home/orangepi/roscan_ws/install/cpp_pubsub/share/cpp_pubsub/hook/cmake_prefix_path.sh'
[13.795s] Level 1:colcon.colcon_core.environment:checking '/home/orangepi/roscan_ws/install/cpp_pubsub/lib'
[13.795s] Level 1:colcon.colcon_core.environment:checking '/home/orangepi/roscan_ws/install/cpp_pubsub/bin'
[13.795s] Level 1:colcon.colcon_core.environment:checking '/home/orangepi/roscan_ws/install/cpp_pubsub/lib/pkgconfig/cpp_pubsub.pc'
[13.796s] Level 1:colcon.colcon_core.environment:checking '/home/orangepi/roscan_ws/install/cpp_pubsub/lib/python3.10/site-packages'
[13.797s] Level 1:colcon.colcon_core.environment:checking '/home/orangepi/roscan_ws/install/cpp_pubsub/bin'
[13.804s] INFO:colcon.colcon_core.shell:Creating package script '/home/orangepi/roscan_ws/install/cpp_pubsub/share/cpp_pubsub/package.ps1'
[13.806s] INFO:colcon.colcon_core.shell:Creating package descriptor '/home/orangepi/roscan_ws/install/cpp_pubsub/share/cpp_pubsub/package.dsv'
[13.808s] INFO:colcon.colcon_core.shell:Creating package script '/home/orangepi/roscan_ws/install/cpp_pubsub/share/cpp_pubsub/package.sh'
[13.810s] INFO:colcon.colcon_core.shell:Creating package script '/home/orangepi/roscan_ws/install/cpp_pubsub/share/cpp_pubsub/package.bash'
[13.811s] INFO:colcon.colcon_core.shell:Creating package script '/home/orangepi/roscan_ws/install/cpp_pubsub/share/cpp_pubsub/package.zsh'
[13.812s] Level 1:colcon.colcon_core.environment:create_file_with_runtime_dependencies(/home/orangepi/roscan_ws/install/cpp_pubsub/share/colcon-core/packages/cpp_pubsub)
[13.813s] DEBUG:colcon.colcon_parallel_executor.executor.parallel:closing loop
[13.813s] DEBUG:colcon.colcon_parallel_executor.executor.parallel:loop closed
[13.813s] DEBUG:colcon.colcon_parallel_executor.executor.parallel:run_until_complete finished with '0'
[13.814s] DEBUG:colcon.colcon_core.event_reactor:joining thread
[13.821s] INFO:colcon.colcon_core.plugin_system:Skipping extension 'colcon_notification.desktop_notification.notify_send': Could not find 'notify-send'
[13.822s] INFO:colcon.colcon_core.plugin_system:Skipping extension 'colcon_notification.desktop_notification.terminal_notifier': Not used on non-Darwin systems
[13.822s] INFO:colcon.colcon_core.plugin_system:Skipping extension 'colcon_notification.desktop_notification.win32': Not used on non-Windows systems
[13.822s] INFO:colcon.colcon_notification.desktop_notification:Sending desktop notification using 'notify2'
[13.824s] DEBUG:colcon.colcon_notification.desktop_notification.notify2:Failed to initialize notify2: org.freedesktop.DBus.Error.ServiceUnknown: The name org.freedesktop.Notifications was not provided by any .service files
[13.824s] DEBUG:colcon.colcon_core.event_reactor:joined thread
[13.826s] INFO:colcon.colcon_core.shell:Creating prefix script '/home/orangepi/roscan_ws/install/local_setup.ps1'
[13.827s] INFO:colcon.colcon_core.shell:Creating prefix util module '/home/orangepi/roscan_ws/install/_local_setup_util_ps1.py'
[13.829s] INFO:colcon.colcon_core.shell:Creating prefix chain script '/home/orangepi/roscan_ws/install/setup.ps1'
[13.831s] INFO:colcon.colcon_core.shell:Creating prefix script '/home/orangepi/roscan_ws/install/local_setup.sh'
[13.831s] INFO:colcon.colcon_core.shell:Creating prefix util module '/home/orangepi/roscan_ws/install/_local_setup_util_sh.py'
[13.832s] INFO:colcon.colcon_core.shell:Creating prefix chain script '/home/orangepi/roscan_ws/install/setup.sh'
[13.833s] INFO:colcon.colcon_core.shell:Creating prefix script '/home/orangepi/roscan_ws/install/local_setup.bash'
[13.834s] INFO:colcon.colcon_core.shell:Creating prefix chain script '/home/orangepi/roscan_ws/install/setup.bash'
[13.836s] INFO:colcon.colcon_core.shell:Creating prefix script '/home/orangepi/roscan_ws/install/local_setup.zsh'
[13.836s] INFO:colcon.colcon_core.shell:Creating prefix chain script '/home/orangepi/roscan_ws/install/setup.zsh'
