[0.391s] DEBUG:colcon:Command line arguments: ['/usr/bin/colcon', 'build']
[0.391s] DEBUG:colcon:Parsed command line arguments: Namespace(log_base=None, log_level=None, verb_name='build', build_base='build', install_base='install', merge_install=False, symlink_install=False, test_result_base=None, continue_on_error=False, executor='parallel', parallel_workers=8, event_handlers=None, ignore_user_meta=False, metas=['./colcon.meta'], base_paths=['.'], packages_ignore=None, packages_ignore_regex=None, paths=None, packages_up_to=None, packages_up_to_regex=None, packages_above=None, packages_above_and_dependencies=None, packages_above_depth=None, packages_select_by_dep=None, packages_skip_by_dep=None, packages_skip_up_to=None, packages_select_build_failed=False, packages_skip_build_finished=False, packages_select_test_failures=False, packages_skip_test_passed=False, packages_select=None, packages_skip=None, packages_select_regex=None, packages_skip_regex=None, packages_start=None, packages_end=None, cmake_args=None, cmake_target=None, cmake_target_skip_unavailable=False, cmake_clean_cache=False, cmake_clean_first=False, cmake_force_configure=False, ament_cmake_args=None, catkin_cmake_args=None, catkin_skip_building_tests=False, verb_parser=<colcon_defaults.argument_parser.defaults.DefaultArgumentsDecorator object at 0x7faee2f8b0>, verb_extension=<colcon_core.verb.build.BuildVerb object at 0x7faf643f70>, main=<bound method BuildVerb.main of <colcon_core.verb.build.BuildVerb object at 0x7faf643f70>>)
[0.440s] Level 1:colcon.colcon_core.package_discovery:discover_packages(colcon_meta) check parameters
[0.440s] Level 1:colcon.colcon_core.package_discovery:discover_packages(recursive) check parameters
[0.440s] Level 1:colcon.colcon_core.package_discovery:discover_packages(ignore) check parameters
[0.440s] Level 1:colcon.colcon_core.package_discovery:discover_packages(path) check parameters
[0.440s] Level 1:colcon.colcon_core.package_discovery:discover_packages(colcon_meta) discover
[0.440s] Level 1:colcon.colcon_core.package_discovery:discover_packages(recursive) discover
[0.440s] INFO:colcon.colcon_core.package_discovery:Crawling recursively for packages in '/home/orangepi/roscan_ws'
[0.441s] Level 1:colcon.colcon_core.package_identification:_identify(.) by extensions ['ignore', 'ignore_ament_install']
[0.441s] Level 1:colcon.colcon_core.package_identification:_identify(.) by extension 'ignore'
[0.441s] Level 1:colcon.colcon_core.package_identification:_identify(.) by extension 'ignore_ament_install'
[0.441s] Level 1:colcon.colcon_core.package_identification:_identify(.) by extensions ['colcon_pkg']
[0.441s] Level 1:colcon.colcon_core.package_identification:_identify(.) by extension 'colcon_pkg'
[0.441s] Level 1:colcon.colcon_core.package_identification:_identify(.) by extensions ['colcon_meta']
[0.441s] Level 1:colcon.colcon_core.package_identification:_identify(.) by extension 'colcon_meta'
[0.441s] Level 1:colcon.colcon_core.package_identification:_identify(.) by extensions ['ros']
[0.441s] Level 1:colcon.colcon_core.package_identification:_identify(.) by extension 'ros'
[0.457s] Level 1:colcon.colcon_core.package_identification:_identify(.) by extensions ['cmake', 'python']
[0.457s] Level 1:colcon.colcon_core.package_identification:_identify(.) by extension 'cmake'
[0.457s] Level 1:colcon.colcon_core.package_identification:_identify(.) by extension 'python'
[0.457s] Level 1:colcon.colcon_core.package_identification:_identify(.) by extensions ['python_setup_py']
[0.457s] Level 1:colcon.colcon_core.package_identification:_identify(.) by extension 'python_setup_py'
[0.457s] Level 1:colcon.colcon_core.package_identification:_identify(build) by extensions ['ignore', 'ignore_ament_install']
[0.458s] Level 1:colcon.colcon_core.package_identification:_identify(build) by extension 'ignore'
[0.458s] Level 1:colcon.colcon_core.package_identification:_identify(build) ignored
[0.458s] Level 1:colcon.colcon_core.package_identification:_identify(install) by extensions ['ignore', 'ignore_ament_install']
[0.458s] Level 1:colcon.colcon_core.package_identification:_identify(install) by extension 'ignore'
[0.458s] Level 1:colcon.colcon_core.package_identification:_identify(install) ignored
[0.458s] Level 1:colcon.colcon_core.package_identification:_identify(log) by extensions ['ignore', 'ignore_ament_install']
[0.458s] Level 1:colcon.colcon_core.package_identification:_identify(log) by extension 'ignore'
[0.458s] Level 1:colcon.colcon_core.package_identification:_identify(log) ignored
[0.458s] Level 1:colcon.colcon_core.package_identification:_identify(src) by extensions ['ignore', 'ignore_ament_install']
[0.459s] Level 1:colcon.colcon_core.package_identification:_identify(src) by extension 'ignore'
[0.459s] Level 1:colcon.colcon_core.package_identification:_identify(src) by extension 'ignore_ament_install'
[0.459s] Level 1:colcon.colcon_core.package_identification:_identify(src) by extensions ['colcon_pkg']
[0.459s] Level 1:colcon.colcon_core.package_identification:_identify(src) by extension 'colcon_pkg'
[0.459s] Level 1:colcon.colcon_core.package_identification:_identify(src) by extensions ['colcon_meta']
[0.459s] Level 1:colcon.colcon_core.package_identification:_identify(src) by extension 'colcon_meta'
[0.459s] Level 1:colcon.colcon_core.package_identification:_identify(src) by extensions ['ros']
[0.459s] Level 1:colcon.colcon_core.package_identification:_identify(src) by extension 'ros'
[0.459s] Level 1:colcon.colcon_core.package_identification:_identify(src) by extensions ['cmake', 'python']
[0.459s] Level 1:colcon.colcon_core.package_identification:_identify(src) by extension 'cmake'
[0.459s] Level 1:colcon.colcon_core.package_identification:_identify(src) by extension 'python'
[0.459s] Level 1:colcon.colcon_core.package_identification:_identify(src) by extensions ['python_setup_py']
[0.459s] Level 1:colcon.colcon_core.package_identification:_identify(src) by extension 'python_setup_py'
[0.459s] Level 1:colcon.colcon_core.package_identification:_identify(src/cpp_pubsub) by extensions ['ignore', 'ignore_ament_install']
[0.459s] Level 1:colcon.colcon_core.package_identification:_identify(src/cpp_pubsub) by extension 'ignore'
[0.459s] Level 1:colcon.colcon_core.package_identification:_identify(src/cpp_pubsub) by extension 'ignore_ament_install'
[0.459s] Level 1:colcon.colcon_core.package_identification:_identify(src/cpp_pubsub) by extensions ['colcon_pkg']
[0.460s] Level 1:colcon.colcon_core.package_identification:_identify(src/cpp_pubsub) by extension 'colcon_pkg'
[0.460s] Level 1:colcon.colcon_core.package_identification:_identify(src/cpp_pubsub) by extensions ['colcon_meta']
[0.460s] Level 1:colcon.colcon_core.package_identification:_identify(src/cpp_pubsub) by extension 'colcon_meta'
[0.460s] Level 1:colcon.colcon_core.package_identification:_identify(src/cpp_pubsub) by extensions ['ros']
[0.460s] Level 1:colcon.colcon_core.package_identification:_identify(src/cpp_pubsub) by extension 'ros'
[0.463s] DEBUG:colcon.colcon_core.package_identification:Package 'src/cpp_pubsub' with type 'ros.ament_cmake' and name 'cpp_pubsub'
[0.463s] Level 1:colcon.colcon_core.package_identification:_identify(src/eufs_msgs) by extensions ['ignore', 'ignore_ament_install']
[0.463s] Level 1:colcon.colcon_core.package_identification:_identify(src/eufs_msgs) by extension 'ignore'
[0.463s] Level 1:colcon.colcon_core.package_identification:_identify(src/eufs_msgs) by extension 'ignore_ament_install'
[0.463s] Level 1:colcon.colcon_core.package_identification:_identify(src/eufs_msgs) by extensions ['colcon_pkg']
[0.463s] Level 1:colcon.colcon_core.package_identification:_identify(src/eufs_msgs) by extension 'colcon_pkg'
[0.463s] Level 1:colcon.colcon_core.package_identification:_identify(src/eufs_msgs) by extensions ['colcon_meta']
[0.463s] Level 1:colcon.colcon_core.package_identification:_identify(src/eufs_msgs) by extension 'colcon_meta'
[0.463s] Level 1:colcon.colcon_core.package_identification:_identify(src/eufs_msgs) by extensions ['ros']
[0.463s] Level 1:colcon.colcon_core.package_identification:_identify(src/eufs_msgs) by extension 'ros'
[0.464s] DEBUG:colcon.colcon_core.package_identification:Package 'src/eufs_msgs' with type 'ros.ament_cmake' and name 'eufs_msgs'
[0.464s] Level 1:colcon.colcon_core.package_identification:_identify(src/roscan) by extensions ['ignore', 'ignore_ament_install']
[0.465s] Level 1:colcon.colcon_core.package_identification:_identify(src/roscan) by extension 'ignore'
[0.465s] Level 1:colcon.colcon_core.package_identification:_identify(src/roscan) by extension 'ignore_ament_install'
[0.465s] Level 1:colcon.colcon_core.package_identification:_identify(src/roscan) by extensions ['colcon_pkg']
[0.465s] Level 1:colcon.colcon_core.package_identification:_identify(src/roscan) by extension 'colcon_pkg'
[0.465s] Level 1:colcon.colcon_core.package_identification:_identify(src/roscan) by extensions ['colcon_meta']
[0.465s] Level 1:colcon.colcon_core.package_identification:_identify(src/roscan) by extension 'colcon_meta'
[0.465s] Level 1:colcon.colcon_core.package_identification:_identify(src/roscan) by extensions ['ros']
[0.465s] Level 1:colcon.colcon_core.package_identification:_identify(src/roscan) by extension 'ros'
[0.465s] DEBUG:colcon.colcon_core.package_identification:Package 'src/roscan' with type 'ros.ament_cmake' and name 'roscan'
[0.466s] Level 1:colcon.colcon_core.package_discovery:discover_packages(recursive) using defaults
[0.466s] Level 1:colcon.colcon_core.package_discovery:discover_packages(ignore) discover
[0.466s] Level 1:colcon.colcon_core.package_discovery:discover_packages(ignore) using defaults
[0.466s] Level 1:colcon.colcon_core.package_discovery:discover_packages(path) discover
[0.466s] Level 1:colcon.colcon_core.package_discovery:discover_packages(path) using defaults
[0.497s] Level 5:colcon.colcon_core.verb:set package 'cpp_pubsub' build argument 'cmake_args' from command line to 'None'
[0.497s] Level 5:colcon.colcon_core.verb:set package 'cpp_pubsub' build argument 'cmake_target' from command line to 'None'
[0.497s] Level 5:colcon.colcon_core.verb:set package 'cpp_pubsub' build argument 'cmake_target_skip_unavailable' from command line to 'False'
[0.497s] Level 5:colcon.colcon_core.verb:set package 'cpp_pubsub' build argument 'cmake_clean_cache' from command line to 'False'
[0.497s] Level 5:colcon.colcon_core.verb:set package 'cpp_pubsub' build argument 'cmake_clean_first' from command line to 'False'
[0.497s] Level 5:colcon.colcon_core.verb:set package 'cpp_pubsub' build argument 'cmake_force_configure' from command line to 'False'
[0.497s] Level 5:colcon.colcon_core.verb:set package 'cpp_pubsub' build argument 'ament_cmake_args' from command line to 'None'
[0.497s] Level 5:colcon.colcon_core.verb:set package 'cpp_pubsub' build argument 'catkin_cmake_args' from command line to 'None'
[0.497s] Level 5:colcon.colcon_core.verb:set package 'cpp_pubsub' build argument 'catkin_skip_building_tests' from command line to 'False'
[0.497s] DEBUG:colcon.colcon_core.verb:Building package 'cpp_pubsub' with the following arguments: {'ament_cmake_args': None, 'build_base': '/home/orangepi/roscan_ws/build/cpp_pubsub', 'catkin_cmake_args': None, 'catkin_skip_building_tests': False, 'cmake_args': None, 'cmake_clean_cache': False, 'cmake_clean_first': False, 'cmake_force_configure': False, 'cmake_target': None, 'cmake_target_skip_unavailable': False, 'install_base': '/home/orangepi/roscan_ws/install/cpp_pubsub', 'merge_install': False, 'path': '/home/orangepi/roscan_ws/src/cpp_pubsub', 'symlink_install': False, 'test_result_base': None}
[0.498s] Level 5:colcon.colcon_core.verb:set package 'eufs_msgs' build argument 'cmake_args' from command line to 'None'
[0.499s] Level 5:colcon.colcon_core.verb:set package 'eufs_msgs' build argument 'cmake_target' from command line to 'None'
[0.499s] Level 5:colcon.colcon_core.verb:set package 'eufs_msgs' build argument 'cmake_target_skip_unavailable' from command line to 'False'
[0.499s] Level 5:colcon.colcon_core.verb:set package 'eufs_msgs' build argument 'cmake_clean_cache' from command line to 'False'
[0.499s] Level 5:colcon.colcon_core.verb:set package 'eufs_msgs' build argument 'cmake_clean_first' from command line to 'False'
[0.499s] Level 5:colcon.colcon_core.verb:set package 'eufs_msgs' build argument 'cmake_force_configure' from command line to 'False'
[0.499s] Level 5:colcon.colcon_core.verb:set package 'eufs_msgs' build argument 'ament_cmake_args' from command line to 'None'
[0.499s] Level 5:colcon.colcon_core.verb:set package 'eufs_msgs' build argument 'catkin_cmake_args' from command line to 'None'
[0.499s] Level 5:colcon.colcon_core.verb:set package 'eufs_msgs' build argument 'catkin_skip_building_tests' from command line to 'False'
[0.499s] DEBUG:colcon.colcon_core.verb:Building package 'eufs_msgs' with the following arguments: {'ament_cmake_args': None, 'build_base': '/home/orangepi/roscan_ws/build/eufs_msgs', 'catkin_cmake_args': None, 'catkin_skip_building_tests': False, 'cmake_args': None, 'cmake_clean_cache': False, 'cmake_clean_first': False, 'cmake_force_configure': False, 'cmake_target': None, 'cmake_target_skip_unavailable': False, 'install_base': '/home/orangepi/roscan_ws/install/eufs_msgs', 'merge_install': False, 'path': '/home/orangepi/roscan_ws/src/eufs_msgs', 'symlink_install': False, 'test_result_base': None}
[0.500s] Level 5:colcon.colcon_core.verb:set package 'roscan' build argument 'cmake_args' from command line to 'None'
[0.500s] Level 5:colcon.colcon_core.verb:set package 'roscan' build argument 'cmake_target' from command line to 'None'
[0.500s] Level 5:colcon.colcon_core.verb:set package 'roscan' build argument 'cmake_target_skip_unavailable' from command line to 'False'
[0.500s] Level 5:colcon.colcon_core.verb:set package 'roscan' build argument 'cmake_clean_cache' from command line to 'False'
[0.500s] Level 5:colcon.colcon_core.verb:set package 'roscan' build argument 'cmake_clean_first' from command line to 'False'
[0.500s] Level 5:colcon.colcon_core.verb:set package 'roscan' build argument 'cmake_force_configure' from command line to 'False'
[0.500s] Level 5:colcon.colcon_core.verb:set package 'roscan' build argument 'ament_cmake_args' from command line to 'None'
[0.500s] Level 5:colcon.colcon_core.verb:set package 'roscan' build argument 'catkin_cmake_args' from command line to 'None'
[0.500s] Level 5:colcon.colcon_core.verb:set package 'roscan' build argument 'catkin_skip_building_tests' from command line to 'False'
[0.500s] DEBUG:colcon.colcon_core.verb:Building package 'roscan' with the following arguments: {'ament_cmake_args': None, 'build_base': '/home/orangepi/roscan_ws/build/roscan', 'catkin_cmake_args': None, 'catkin_skip_building_tests': False, 'cmake_args': None, 'cmake_clean_cache': False, 'cmake_clean_first': False, 'cmake_force_configure': False, 'cmake_target': None, 'cmake_target_skip_unavailable': False, 'install_base': '/home/orangepi/roscan_ws/install/roscan', 'merge_install': False, 'path': '/home/orangepi/roscan_ws/src/roscan', 'symlink_install': False, 'test_result_base': None}
[0.501s] INFO:colcon.colcon_core.executor:Executing jobs using 'parallel' executor
[0.505s] DEBUG:colcon.colcon_parallel_executor.executor.parallel:run_until_complete
[0.506s] INFO:colcon.colcon_ros.task.ament_cmake.build:Building ROS package in '/home/orangepi/roscan_ws/src/cpp_pubsub' with build type 'ament_cmake'
[0.506s] INFO:colcon.colcon_cmake.task.cmake.build:Building CMake package in '/home/orangepi/roscan_ws/src/cpp_pubsub'
[0.512s] INFO:colcon.colcon_core.plugin_system:Skipping extension 'colcon_core.shell.bat': Not used on non-Windows systems
[0.512s] INFO:colcon.colcon_core.shell:Skip shell extension 'powershell' for command environment: Not usable outside of PowerShell
[0.512s] DEBUG:colcon.colcon_core.shell:Skip shell extension 'dsv' for command environment
[0.519s] INFO:colcon.colcon_ros.task.ament_cmake.build:Building ROS package in '/home/orangepi/roscan_ws/src/eufs_msgs' with build type 'ament_cmake'
[0.519s] INFO:colcon.colcon_cmake.task.cmake.build:Building CMake package in '/home/orangepi/roscan_ws/src/eufs_msgs'
[0.521s] INFO:colcon.colcon_core.shell:Skip shell extension 'powershell' for command environment: Not usable outside of PowerShell
[0.521s] DEBUG:colcon.colcon_core.shell:Skip shell extension 'dsv' for command environment
[0.526s] INFO:colcon.colcon_ros.task.ament_cmake.build:Building ROS package in '/home/orangepi/roscan_ws/src/roscan' with build type 'ament_cmake'
[0.526s] INFO:colcon.colcon_cmake.task.cmake.build:Building CMake package in '/home/orangepi/roscan_ws/src/roscan'
[0.528s] INFO:colcon.colcon_core.shell:Skip shell extension 'powershell' for command environment: Not usable outside of PowerShell
[0.528s] DEBUG:colcon.colcon_core.shell:Skip shell extension 'dsv' for command environment
[0.540s] DEBUG:colcon.colcon_core.event_handler.log_command:Invoking command in '/home/orangepi/roscan_ws/build/cpp_pubsub': CMAKE_PREFIX_PATH=/opt/ros/humble /usr/bin/cmake --build /home/orangepi/roscan_ws/build/cpp_pubsub -- -j8 -l8
[0.544s] DEBUG:colcon.colcon_core.event_handler.log_command:Invoking command in '/home/orangepi/roscan_ws/build/eufs_msgs': CMAKE_PREFIX_PATH=/opt/ros/humble /usr/bin/cmake /home/orangepi/roscan_ws/src/eufs_msgs -DCMAKE_INSTALL_PREFIX=/home/orangepi/roscan_ws/install/eufs_msgs
[0.550s] DEBUG:colcon.colcon_core.event_handler.log_command:Invoking command in '/home/orangepi/roscan_ws/build/roscan': CMAKE_PREFIX_PATH=/opt/ros/humble /usr/bin/cmake --build /home/orangepi/roscan_ws/build/roscan -- -j8 -l8
[0.676s] DEBUG:colcon.colcon_core.event_handler.log_command:Invoked command in '/home/orangepi/roscan_ws/build/roscan' returned '0': CMAKE_PREFIX_PATH=/opt/ros/humble /usr/bin/cmake --build /home/orangepi/roscan_ws/build/roscan -- -j8 -l8
[0.685s] DEBUG:colcon.colcon_core.event_handler.log_command:Invoked command in '/home/orangepi/roscan_ws/build/cpp_pubsub' returned '0': CMAKE_PREFIX_PATH=/opt/ros/humble /usr/bin/cmake --build /home/orangepi/roscan_ws/build/cpp_pubsub -- -j8 -l8
[0.772s] DEBUG:colcon.colcon_core.event_handler.log_command:Invoking command in '/home/orangepi/roscan_ws/build/roscan': CMAKE_PREFIX_PATH=/opt/ros/humble /usr/bin/cmake --install /home/orangepi/roscan_ws/build/roscan
[0.782s] DEBUG:colcon.colcon_core.event_handler.log_command:Invoking command in '/home/orangepi/roscan_ws/build/cpp_pubsub': CMAKE_PREFIX_PATH=/opt/ros/humble /usr/bin/cmake --install /home/orangepi/roscan_ws/build/cpp_pubsub
[0.798s] Level 1:colcon.colcon_core.environment:create_environment_scripts_only(roscan)
[0.821s] DEBUG:colcon.colcon_core.event_handler.log_command:Invoked command in '/home/orangepi/roscan_ws/build/roscan' returned '0': CMAKE_PREFIX_PATH=/opt/ros/humble /usr/bin/cmake --install /home/orangepi/roscan_ws/build/roscan
[0.835s] Level 1:colcon.colcon_core.environment:checking '/home/orangepi/roscan_ws/install/roscan' for CMake module files
[0.840s] Level 1:colcon.colcon_core.environment:checking '/home/orangepi/roscan_ws/install/roscan' for CMake config files
[0.840s] Level 1:colcon.colcon_core.shell:create_environment_hook('roscan', 'cmake_prefix_path')
[0.848s] INFO:colcon.colcon_core.shell:Creating environment hook '/home/orangepi/roscan_ws/install/roscan/share/roscan/hook/cmake_prefix_path.ps1'
[0.850s] INFO:colcon.colcon_core.shell:Creating environment descriptor '/home/orangepi/roscan_ws/install/roscan/share/roscan/hook/cmake_prefix_path.dsv'
[0.852s] INFO:colcon.colcon_core.shell:Creating environment hook '/home/orangepi/roscan_ws/install/roscan/share/roscan/hook/cmake_prefix_path.sh'
[0.856s] Level 1:colcon.colcon_core.environment:checking '/home/orangepi/roscan_ws/install/roscan/lib'
[0.856s] Level 1:colcon.colcon_core.environment:checking '/home/orangepi/roscan_ws/install/roscan/bin'
[0.857s] Level 1:colcon.colcon_core.environment:checking '/home/orangepi/roscan_ws/install/roscan/lib/pkgconfig/roscan.pc'
[0.864s] Level 1:colcon.colcon_core.environment:checking '/home/orangepi/roscan_ws/install/roscan/lib/python3.10/site-packages'
[0.865s] Level 1:colcon.colcon_core.environment:checking '/home/orangepi/roscan_ws/install/roscan/bin'
[0.867s] INFO:colcon.colcon_core.shell:Creating package script '/home/orangepi/roscan_ws/install/roscan/share/roscan/package.ps1'
[0.868s] INFO:colcon.colcon_core.shell:Creating package descriptor '/home/orangepi/roscan_ws/install/roscan/share/roscan/package.dsv'
[0.869s] INFO:colcon.colcon_core.shell:Creating package script '/home/orangepi/roscan_ws/install/roscan/share/roscan/package.sh'
[0.870s] INFO:colcon.colcon_core.shell:Creating package script '/home/orangepi/roscan_ws/install/roscan/share/roscan/package.bash'
[0.870s] INFO:colcon.colcon_core.shell:Creating package script '/home/orangepi/roscan_ws/install/roscan/share/roscan/package.zsh'
[0.871s] Level 1:colcon.colcon_core.environment:create_file_with_runtime_dependencies(/home/orangepi/roscan_ws/install/roscan/share/colcon-core/packages/roscan)
[0.874s] Level 1:colcon.colcon_core.environment:create_environment_scripts_only(cpp_pubsub)
[0.877s] Level 1:colcon.colcon_core.environment:checking '/home/orangepi/roscan_ws/install/cpp_pubsub' for CMake module files
[0.877s] DEBUG:colcon.colcon_core.event_handler.log_command:Invoked command in '/home/orangepi/roscan_ws/build/cpp_pubsub' returned '0': CMAKE_PREFIX_PATH=/opt/ros/humble /usr/bin/cmake --install /home/orangepi/roscan_ws/build/cpp_pubsub
[0.878s] Level 1:colcon.colcon_core.environment:checking '/home/orangepi/roscan_ws/install/cpp_pubsub' for CMake config files
[0.878s] Level 1:colcon.colcon_core.shell:create_environment_hook('cpp_pubsub', 'cmake_prefix_path')
[0.880s] INFO:colcon.colcon_core.shell:Creating environment hook '/home/orangepi/roscan_ws/install/cpp_pubsub/share/cpp_pubsub/hook/cmake_prefix_path.ps1'
[0.881s] INFO:colcon.colcon_core.shell:Creating environment descriptor '/home/orangepi/roscan_ws/install/cpp_pubsub/share/cpp_pubsub/hook/cmake_prefix_path.dsv'
[0.881s] INFO:colcon.colcon_core.shell:Creating environment hook '/home/orangepi/roscan_ws/install/cpp_pubsub/share/cpp_pubsub/hook/cmake_prefix_path.sh'
[0.882s] Level 1:colcon.colcon_core.environment:checking '/home/orangepi/roscan_ws/install/cpp_pubsub/lib'
[0.882s] Level 1:colcon.colcon_core.environment:checking '/home/orangepi/roscan_ws/install/cpp_pubsub/bin'
[0.882s] Level 1:colcon.colcon_core.environment:checking '/home/orangepi/roscan_ws/install/cpp_pubsub/lib/pkgconfig/cpp_pubsub.pc'
[0.882s] Level 1:colcon.colcon_core.environment:checking '/home/orangepi/roscan_ws/install/cpp_pubsub/lib/python3.10/site-packages'
[0.883s] Level 1:colcon.colcon_core.environment:checking '/home/orangepi/roscan_ws/install/cpp_pubsub/bin'
[0.885s] INFO:colcon.colcon_core.shell:Creating package script '/home/orangepi/roscan_ws/install/cpp_pubsub/share/cpp_pubsub/package.ps1'
[0.885s] INFO:colcon.colcon_core.shell:Creating package descriptor '/home/orangepi/roscan_ws/install/cpp_pubsub/share/cpp_pubsub/package.dsv'
[0.886s] INFO:colcon.colcon_core.shell:Creating package script '/home/orangepi/roscan_ws/install/cpp_pubsub/share/cpp_pubsub/package.sh'
[0.886s] INFO:colcon.colcon_core.shell:Creating package script '/home/orangepi/roscan_ws/install/cpp_pubsub/share/cpp_pubsub/package.bash'
[0.887s] INFO:colcon.colcon_core.shell:Creating package script '/home/orangepi/roscan_ws/install/cpp_pubsub/share/cpp_pubsub/package.zsh'
[0.887s] Level 1:colcon.colcon_core.environment:create_file_with_runtime_dependencies(/home/orangepi/roscan_ws/install/cpp_pubsub/share/colcon-core/packages/cpp_pubsub)
[0.929s] Level 1:colcon.colcon_core.environment:create_environment_scripts_only(cpp_pubsub)
[0.932s] Level 1:colcon.colcon_core.environment:checking '/home/orangepi/roscan_ws/install/cpp_pubsub' for CMake module files
[0.932s] Level 1:colcon.colcon_core.environment:checking '/home/orangepi/roscan_ws/install/cpp_pubsub' for CMake config files
[0.933s] Level 1:colcon.colcon_core.shell:create_environment_hook('cpp_pubsub', 'cmake_prefix_path')
[0.934s] INFO:colcon.colcon_core.shell:Creating environment hook '/home/orangepi/roscan_ws/install/cpp_pubsub/share/cpp_pubsub/hook/cmake_prefix_path.ps1'
[0.935s] INFO:colcon.colcon_core.shell:Creating environment descriptor '/home/orangepi/roscan_ws/install/cpp_pubsub/share/cpp_pubsub/hook/cmake_prefix_path.dsv'
[0.936s] INFO:colcon.colcon_core.shell:Creating environment hook '/home/orangepi/roscan_ws/install/cpp_pubsub/share/cpp_pubsub/hook/cmake_prefix_path.sh'
[0.937s] Level 1:colcon.colcon_core.environment:checking '/home/orangepi/roscan_ws/install/cpp_pubsub/lib'
[0.937s] Level 1:colcon.colcon_core.environment:checking '/home/orangepi/roscan_ws/install/cpp_pubsub/bin'
[0.937s] Level 1:colcon.colcon_core.environment:checking '/home/orangepi/roscan_ws/install/cpp_pubsub/lib/pkgconfig/cpp_pubsub.pc'
[0.937s] Level 1:colcon.colcon_core.environment:checking '/home/orangepi/roscan_ws/install/cpp_pubsub/lib/python3.10/site-packages'
[0.937s] Level 1:colcon.colcon_core.environment:checking '/home/orangepi/roscan_ws/install/cpp_pubsub/bin'
[0.939s] INFO:colcon.colcon_core.shell:Creating package script '/home/orangepi/roscan_ws/install/cpp_pubsub/share/cpp_pubsub/package.ps1'
[0.940s] INFO:colcon.colcon_core.shell:Creating package descriptor '/home/orangepi/roscan_ws/install/cpp_pubsub/share/cpp_pubsub/package.dsv'
[0.940s] INFO:colcon.colcon_core.shell:Creating package script '/home/orangepi/roscan_ws/install/cpp_pubsub/share/cpp_pubsub/package.sh'
[0.941s] INFO:colcon.colcon_core.shell:Creating package script '/home/orangepi/roscan_ws/install/cpp_pubsub/share/cpp_pubsub/package.bash'
[0.941s] INFO:colcon.colcon_core.shell:Creating package script '/home/orangepi/roscan_ws/install/cpp_pubsub/share/cpp_pubsub/package.zsh'
[0.942s] Level 1:colcon.colcon_core.environment:create_file_with_runtime_dependencies(/home/orangepi/roscan_ws/install/cpp_pubsub/share/colcon-core/packages/cpp_pubsub)
[0.945s] Level 1:colcon.colcon_core.environment:create_environment_scripts_only(roscan)
[0.947s] Level 1:colcon.colcon_core.environment:checking '/home/orangepi/roscan_ws/install/roscan' for CMake module files
[0.948s] Level 1:colcon.colcon_core.environment:checking '/home/orangepi/roscan_ws/install/roscan' for CMake config files
[0.948s] Level 1:colcon.colcon_core.shell:create_environment_hook('roscan', 'cmake_prefix_path')
[0.950s] INFO:colcon.colcon_core.shell:Creating environment hook '/home/orangepi/roscan_ws/install/roscan/share/roscan/hook/cmake_prefix_path.ps1'
[0.950s] INFO:colcon.colcon_core.shell:Creating environment descriptor '/home/orangepi/roscan_ws/install/roscan/share/roscan/hook/cmake_prefix_path.dsv'
[0.951s] INFO:colcon.colcon_core.shell:Creating environment hook '/home/orangepi/roscan_ws/install/roscan/share/roscan/hook/cmake_prefix_path.sh'
[0.952s] Level 1:colcon.colcon_core.environment:checking '/home/orangepi/roscan_ws/install/roscan/lib'
[0.952s] Level 1:colcon.colcon_core.environment:checking '/home/orangepi/roscan_ws/install/roscan/bin'
[0.952s] Level 1:colcon.colcon_core.environment:checking '/home/orangepi/roscan_ws/install/roscan/lib/pkgconfig/roscan.pc'
[0.952s] Level 1:colcon.colcon_core.environment:checking '/home/orangepi/roscan_ws/install/roscan/lib/python3.10/site-packages'
[0.953s] Level 1:colcon.colcon_core.environment:checking '/home/orangepi/roscan_ws/install/roscan/bin'
[0.955s] INFO:colcon.colcon_core.shell:Creating package script '/home/orangepi/roscan_ws/install/roscan/share/roscan/package.ps1'
[0.955s] INFO:colcon.colcon_core.shell:Creating package descriptor '/home/orangepi/roscan_ws/install/roscan/share/roscan/package.dsv'
[0.956s] INFO:colcon.colcon_core.shell:Creating package script '/home/orangepi/roscan_ws/install/roscan/share/roscan/package.sh'
[0.957s] INFO:colcon.colcon_core.shell:Creating package script '/home/orangepi/roscan_ws/install/roscan/share/roscan/package.bash'
[0.957s] INFO:colcon.colcon_core.shell:Creating package script '/home/orangepi/roscan_ws/install/roscan/share/roscan/package.zsh'
[0.958s] Level 1:colcon.colcon_core.environment:create_file_with_runtime_dependencies(/home/orangepi/roscan_ws/install/roscan/share/colcon-core/packages/roscan)
[5.023s] DEBUG:colcon.colcon_core.event_handler.log_command:Invoked command in '/home/orangepi/roscan_ws/build/eufs_msgs' returned '0': CMAKE_PREFIX_PATH=/opt/ros/humble /usr/bin/cmake /home/orangepi/roscan_ws/src/eufs_msgs -DCMAKE_INSTALL_PREFIX=/home/orangepi/roscan_ws/install/eufs_msgs
[5.025s] DEBUG:colcon.colcon_core.event_handler.log_command:Invoking command in '/home/orangepi/roscan_ws/build/eufs_msgs': CMAKE_PREFIX_PATH=/opt/ros/humble /usr/bin/cmake --build /home/orangepi/roscan_ws/build/eufs_msgs -- -j8 -l8
[50.309s] DEBUG:colcon.colcon_core.event_handler.log_command:Invoked command in '/home/orangepi/roscan_ws/build/eufs_msgs' returned '0': CMAKE_PREFIX_PATH=/opt/ros/humble /usr/bin/cmake --build /home/orangepi/roscan_ws/build/eufs_msgs -- -j8 -l8
[52.438s] DEBUG:colcon.colcon_core.event_handler.log_command:Invoking command in '/home/orangepi/roscan_ws/build/eufs_msgs': CMAKE_PREFIX_PATH=/opt/ros/humble /usr/bin/cmake --install /home/orangepi/roscan_ws/build/eufs_msgs
[52.792s] Level 1:colcon.colcon_core.environment:create_environment_scripts_only(eufs_msgs)
[52.803s] Level 1:colcon.colcon_core.environment:checking '/home/orangepi/roscan_ws/install/eufs_msgs' for CMake module files
[52.808s] DEBUG:colcon.colcon_core.event_handler.log_command:Invoked command in '/home/orangepi/roscan_ws/build/eufs_msgs' returned '0': CMAKE_PREFIX_PATH=/opt/ros/humble /usr/bin/cmake --install /home/orangepi/roscan_ws/build/eufs_msgs
[52.810s] Level 1:colcon.colcon_core.environment:checking '/home/orangepi/roscan_ws/install/eufs_msgs' for CMake config files
[52.815s] Level 1:colcon.colcon_core.shell:create_environment_hook('eufs_msgs', 'cmake_prefix_path')
[52.822s] INFO:colcon.colcon_core.shell:Creating environment hook '/home/orangepi/roscan_ws/install/eufs_msgs/share/eufs_msgs/hook/cmake_prefix_path.ps1'
[52.823s] INFO:colcon.colcon_core.shell:Creating environment descriptor '/home/orangepi/roscan_ws/install/eufs_msgs/share/eufs_msgs/hook/cmake_prefix_path.dsv'
[52.824s] INFO:colcon.colcon_core.shell:Creating environment hook '/home/orangepi/roscan_ws/install/eufs_msgs/share/eufs_msgs/hook/cmake_prefix_path.sh'
[52.833s] Level 1:colcon.colcon_core.environment:checking '/home/orangepi/roscan_ws/install/eufs_msgs/lib'
[52.834s] Level 1:colcon.colcon_core.shell:create_environment_hook('eufs_msgs', 'ld_library_path_lib')
[52.843s] INFO:colcon.colcon_core.shell:Creating environment hook '/home/orangepi/roscan_ws/install/eufs_msgs/share/eufs_msgs/hook/ld_library_path_lib.ps1'
[52.845s] INFO:colcon.colcon_core.shell:Creating environment descriptor '/home/orangepi/roscan_ws/install/eufs_msgs/share/eufs_msgs/hook/ld_library_path_lib.dsv'
[52.846s] INFO:colcon.colcon_core.shell:Creating environment hook '/home/orangepi/roscan_ws/install/eufs_msgs/share/eufs_msgs/hook/ld_library_path_lib.sh'
[52.847s] Level 1:colcon.colcon_core.environment:checking '/home/orangepi/roscan_ws/install/eufs_msgs/bin'
[52.847s] Level 1:colcon.colcon_core.environment:checking '/home/orangepi/roscan_ws/install/eufs_msgs/lib/pkgconfig/eufs_msgs.pc'
[52.848s] Level 1:colcon.colcon_core.environment:checking '/home/orangepi/roscan_ws/install/eufs_msgs/lib/python3.10/site-packages'
[52.849s] Level 1:colcon.colcon_core.environment:checking '/home/orangepi/roscan_ws/install/eufs_msgs/bin'
[52.857s] INFO:colcon.colcon_core.shell:Creating package script '/home/orangepi/roscan_ws/install/eufs_msgs/share/eufs_msgs/package.ps1'
[52.859s] INFO:colcon.colcon_core.shell:Creating package descriptor '/home/orangepi/roscan_ws/install/eufs_msgs/share/eufs_msgs/package.dsv'
[52.860s] INFO:colcon.colcon_core.shell:Creating package script '/home/orangepi/roscan_ws/install/eufs_msgs/share/eufs_msgs/package.sh'
[52.862s] INFO:colcon.colcon_core.shell:Creating package script '/home/orangepi/roscan_ws/install/eufs_msgs/share/eufs_msgs/package.bash'
[52.863s] INFO:colcon.colcon_core.shell:Creating package script '/home/orangepi/roscan_ws/install/eufs_msgs/share/eufs_msgs/package.zsh'
[52.864s] Level 1:colcon.colcon_core.environment:create_file_with_runtime_dependencies(/home/orangepi/roscan_ws/install/eufs_msgs/share/colcon-core/packages/eufs_msgs)
[55.025s] Level 1:colcon.colcon_core.environment:create_environment_scripts_only(eufs_msgs)
[55.035s] Level 1:colcon.colcon_core.environment:checking '/home/orangepi/roscan_ws/install/eufs_msgs' for CMake module files
[55.038s] Level 1:colcon.colcon_core.environment:checking '/home/orangepi/roscan_ws/install/eufs_msgs' for CMake config files
[55.044s] Level 1:colcon.colcon_core.shell:create_environment_hook('eufs_msgs', 'cmake_prefix_path')
[55.050s] INFO:colcon.colcon_core.shell:Creating environment hook '/home/orangepi/roscan_ws/install/eufs_msgs/share/eufs_msgs/hook/cmake_prefix_path.ps1'
[55.051s] INFO:colcon.colcon_core.shell:Creating environment descriptor '/home/orangepi/roscan_ws/install/eufs_msgs/share/eufs_msgs/hook/cmake_prefix_path.dsv'
[55.053s] INFO:colcon.colcon_core.shell:Creating environment hook '/home/orangepi/roscan_ws/install/eufs_msgs/share/eufs_msgs/hook/cmake_prefix_path.sh'
[55.054s] Level 1:colcon.colcon_core.environment:checking '/home/orangepi/roscan_ws/install/eufs_msgs/lib'
[55.055s] Level 1:colcon.colcon_core.shell:create_environment_hook('eufs_msgs', 'ld_library_path_lib')
[55.061s] INFO:colcon.colcon_core.shell:Creating environment hook '/home/orangepi/roscan_ws/install/eufs_msgs/share/eufs_msgs/hook/ld_library_path_lib.ps1'
[55.062s] INFO:colcon.colcon_core.shell:Creating environment descriptor '/home/orangepi/roscan_ws/install/eufs_msgs/share/eufs_msgs/hook/ld_library_path_lib.dsv'
[55.062s] INFO:colcon.colcon_core.shell:Creating environment hook '/home/orangepi/roscan_ws/install/eufs_msgs/share/eufs_msgs/hook/ld_library_path_lib.sh'
[55.063s] Level 1:colcon.colcon_core.environment:checking '/home/orangepi/roscan_ws/install/eufs_msgs/bin'
[55.063s] Level 1:colcon.colcon_core.environment:checking '/home/orangepi/roscan_ws/install/eufs_msgs/lib/pkgconfig/eufs_msgs.pc'
[55.063s] Level 1:colcon.colcon_core.environment:checking '/home/orangepi/roscan_ws/install/eufs_msgs/lib/python3.10/site-packages'
[55.064s] Level 1:colcon.colcon_core.environment:checking '/home/orangepi/roscan_ws/install/eufs_msgs/bin'
[55.065s] INFO:colcon.colcon_core.shell:Creating package script '/home/orangepi/roscan_ws/install/eufs_msgs/share/eufs_msgs/package.ps1'
[55.066s] INFO:colcon.colcon_core.shell:Creating package descriptor '/home/orangepi/roscan_ws/install/eufs_msgs/share/eufs_msgs/package.dsv'
[55.066s] INFO:colcon.colcon_core.shell:Creating package script '/home/orangepi/roscan_ws/install/eufs_msgs/share/eufs_msgs/package.sh'
[55.067s] INFO:colcon.colcon_core.shell:Creating package script '/home/orangepi/roscan_ws/install/eufs_msgs/share/eufs_msgs/package.bash'
[55.067s] INFO:colcon.colcon_core.shell:Creating package script '/home/orangepi/roscan_ws/install/eufs_msgs/share/eufs_msgs/package.zsh'
[55.068s] Level 1:colcon.colcon_core.environment:create_file_with_runtime_dependencies(/home/orangepi/roscan_ws/install/eufs_msgs/share/colcon-core/packages/eufs_msgs)
[55.068s] DEBUG:colcon.colcon_parallel_executor.executor.parallel:closing loop
[55.069s] DEBUG:colcon.colcon_parallel_executor.executor.parallel:loop closed
[55.069s] DEBUG:colcon.colcon_parallel_executor.executor.parallel:run_until_complete finished with '0'
[55.069s] DEBUG:colcon.colcon_core.event_reactor:joining thread
[55.089s] INFO:colcon.colcon_core.plugin_system:Skipping extension 'colcon_notification.desktop_notification.notify_send': Could not find 'notify-send'
[55.090s] INFO:colcon.colcon_core.plugin_system:Skipping extension 'colcon_notification.desktop_notification.terminal_notifier': Not used on non-Darwin systems
[55.090s] INFO:colcon.colcon_core.plugin_system:Skipping extension 'colcon_notification.desktop_notification.win32': Not used on non-Windows systems
[55.090s] INFO:colcon.colcon_notification.desktop_notification:Sending desktop notification using 'notify2'
[55.092s] DEBUG:colcon.colcon_notification.desktop_notification.notify2:Failed to initialize notify2: org.freedesktop.DBus.Error.ServiceUnknown: The name org.freedesktop.Notifications was not provided by any .service files
[55.093s] DEBUG:colcon.colcon_core.event_reactor:joined thread
[55.094s] INFO:colcon.colcon_core.shell:Creating prefix script '/home/orangepi/roscan_ws/install/local_setup.ps1'
[55.095s] INFO:colcon.colcon_core.shell:Creating prefix util module '/home/orangepi/roscan_ws/install/_local_setup_util_ps1.py'
[55.097s] INFO:colcon.colcon_core.shell:Creating prefix chain script '/home/orangepi/roscan_ws/install/setup.ps1'
[55.099s] INFO:colcon.colcon_core.shell:Creating prefix script '/home/orangepi/roscan_ws/install/local_setup.sh'
[55.100s] INFO:colcon.colcon_core.shell:Creating prefix util module '/home/orangepi/roscan_ws/install/_local_setup_util_sh.py'
[55.100s] INFO:colcon.colcon_core.shell:Creating prefix chain script '/home/orangepi/roscan_ws/install/setup.sh'
[55.102s] INFO:colcon.colcon_core.shell:Creating prefix script '/home/orangepi/roscan_ws/install/local_setup.bash'
[55.103s] INFO:colcon.colcon_core.shell:Creating prefix chain script '/home/orangepi/roscan_ws/install/setup.bash'
[55.104s] INFO:colcon.colcon_core.shell:Creating prefix script '/home/orangepi/roscan_ws/install/local_setup.zsh'
[55.105s] INFO:colcon.colcon_core.shell:Creating prefix chain script '/home/orangepi/roscan_ws/install/setup.zsh'
