gmake[1]: Entering directory '/home/orangepi/roscan_ws/build/roscan'
gmake[2]: Entering directory '/home/orangepi/roscan_ws/build/roscan'
gmake[3]: Entering directory '/home/orangepi/roscan_ws/build/roscan'
[35m[1mConsolidate compiler generated dependencies of target rpm_ctrl[0m
gmake[3]: Leaving directory '/home/orangepi/roscan_ws/build/roscan'
[100%] Built target rpm_ctrl
gmake[2]: Leaving directory '/home/orangepi/roscan_ws/build/roscan'
gmake[1]: Leaving directory '/home/orangepi/roscan_ws/build/roscan'
-- Install configuration: ""
-- Up-to-date: /home/orangepi/roscan_ws/install/roscan/lib/roscan/rpm_ctrl
-- Up-to-date: /home/orangepi/roscan_ws/install/roscan/share/ament_index/resource_index/package_run_dependencies/roscan
-- Up-to-date: /home/orangepi/roscan_ws/install/roscan/share/ament_index/resource_index/parent_prefix_path/roscan
-- Up-to-date: /home/orangepi/roscan_ws/install/roscan/share/roscan/environment/ament_prefix_path.sh
-- Up-to-date: /home/orangepi/roscan_ws/install/roscan/share/roscan/environment/ament_prefix_path.dsv
-- Up-to-date: /home/orangepi/roscan_ws/install/roscan/share/roscan/environment/path.sh
-- Up-to-date: /home/orangepi/roscan_ws/install/roscan/share/roscan/environment/path.dsv
-- Up-to-date: /home/orangepi/roscan_ws/install/roscan/share/roscan/local_setup.bash
-- Up-to-date: /home/orangepi/roscan_ws/install/roscan/share/roscan/local_setup.sh
-- Up-to-date: /home/orangepi/roscan_ws/install/roscan/share/roscan/local_setup.zsh
-- Up-to-date: /home/orangepi/roscan_ws/install/roscan/share/roscan/local_setup.dsv
-- Installing: /home/orangepi/roscan_ws/install/roscan/share/roscan/package.dsv
-- Up-to-date: /home/orangepi/roscan_ws/install/roscan/share/ament_index/resource_index/packages/roscan
-- Up-to-date: /home/orangepi/roscan_ws/install/roscan/share/roscan/cmake/roscanConfig.cmake
-- Up-to-date: /home/orangepi/roscan_ws/install/roscan/share/roscan/cmake/roscanConfig-version.cmake
-- Up-to-date: /home/orangepi/roscan_ws/install/roscan/share/roscan/package.xml
