[0.022s] Invoking command in '/home/orangepi/roscan_ws/build/roscan': CMAKE_PREFIX_PATH=${CMAKE_PREFIX_PATH}:/opt/ros/humble /usr/bin/cmake --build /home/orangepi/roscan_ws/build/roscan -- -j8 -l8
[0.049s] gmake[1]: Entering directory '/home/orangepi/roscan_ws/build/roscan'
[0.105s] gmake[2]: Entering directory '/home/orangepi/roscan_ws/build/roscan'
[0.110s] gmake[3]: Entering directory '/home/orangepi/roscan_ws/build/roscan'
[0.135s] [35m[1mConsolidate compiler generated dependencies of target rpm_ctrl[0m
[0.141s] gmake[3]: Leaving directory '/home/orangepi/roscan_ws/build/roscan'
[0.173s] [100%] Built target rpm_ctrl
[0.174s] gmake[2]: Leaving directory '/home/orangepi/roscan_ws/build/roscan'
[0.197s] gmake[1]: Leaving directory '/home/orangepi/roscan_ws/build/roscan'
[0.201s] Invoked command in '/home/orangepi/roscan_ws/build/roscan' returned '0': CMAKE_PREFIX_PATH=${CMAKE_PREFIX_PATH}:/opt/ros/humble /usr/bin/cmake --build /home/orangepi/roscan_ws/build/roscan -- -j8 -l8
[0.292s] Invoking command in '/home/orangepi/roscan_ws/build/roscan': CMAKE_PREFIX_PATH=${CMAKE_PREFIX_PATH}:/opt/ros/humble /usr/bin/cmake --install /home/orangepi/roscan_ws/build/roscan
[0.316s] -- Install configuration: ""
[0.317s] -- Up-to-date: /home/orangepi/roscan_ws/install/roscan/lib/roscan/rpm_ctrl
[0.317s] -- Up-to-date: /home/orangepi/roscan_ws/install/roscan/share/ament_index/resource_index/package_run_dependencies/roscan
[0.318s] -- Up-to-date: /home/orangepi/roscan_ws/install/roscan/share/ament_index/resource_index/parent_prefix_path/roscan
[0.318s] -- Up-to-date: /home/orangepi/roscan_ws/install/roscan/share/roscan/environment/ament_prefix_path.sh
[0.319s] -- Up-to-date: /home/orangepi/roscan_ws/install/roscan/share/roscan/environment/ament_prefix_path.dsv
[0.319s] -- Up-to-date: /home/orangepi/roscan_ws/install/roscan/share/roscan/environment/path.sh
[0.319s] -- Up-to-date: /home/orangepi/roscan_ws/install/roscan/share/roscan/environment/path.dsv
[0.320s] -- Up-to-date: /home/orangepi/roscan_ws/install/roscan/share/roscan/local_setup.bash
[0.320s] -- Up-to-date: /home/orangepi/roscan_ws/install/roscan/share/roscan/local_setup.sh
[0.322s] -- Up-to-date: /home/orangepi/roscan_ws/install/roscan/share/roscan/local_setup.zsh
[0.325s] -- Up-to-date: /home/orangepi/roscan_ws/install/roscan/share/roscan/local_setup.dsv
[0.325s] -- Installing: /home/orangepi/roscan_ws/install/roscan/share/roscan/package.dsv
[0.326s] -- Up-to-date: /home/orangepi/roscan_ws/install/roscan/share/ament_index/resource_index/packages/roscan
[0.327s] -- Up-to-date: /home/orangepi/roscan_ws/install/roscan/share/roscan/cmake/roscanConfig.cmake
[0.328s] -- Up-to-date: /home/orangepi/roscan_ws/install/roscan/share/roscan/cmake/roscanConfig-version.cmake
[0.329s] -- Up-to-date: /home/orangepi/roscan_ws/install/roscan/share/roscan/package.xml
[0.333s] Invoked command in '/home/orangepi/roscan_ws/build/roscan' returned '0': CMAKE_PREFIX_PATH=${CMAKE_PREFIX_PATH}:/opt/ros/humble /usr/bin/cmake --install /home/orangepi/roscan_ws/build/roscan
