[0.392s] DEBUG:colcon:Command line arguments: ['/usr/bin/colcon', 'build']
[0.392s] DEBUG:colcon:Parsed command line arguments: Namespace(log_base=None, log_level=None, verb_name='build', build_base='build', install_base='install', merge_install=False, symlink_install=False, test_result_base=None, continue_on_error=False, executor='parallel', parallel_workers=8, event_handlers=None, ignore_user_meta=False, metas=['./colcon.meta'], base_paths=['.'], packages_ignore=None, packages_ignore_regex=None, paths=None, packages_up_to=None, packages_up_to_regex=None, packages_above=None, packages_above_and_dependencies=None, packages_above_depth=None, packages_select_by_dep=None, packages_skip_by_dep=None, packages_skip_up_to=None, packages_select_build_failed=False, packages_skip_build_finished=False, packages_select_test_failures=False, packages_skip_test_passed=False, packages_select=None, packages_skip=None, packages_select_regex=None, packages_skip_regex=None, packages_start=None, packages_end=None, cmake_args=None, cmake_target=None, cmake_target_skip_unavailable=False, cmake_clean_cache=False, cmake_clean_first=False, cmake_force_configure=False, ament_cmake_args=None, catkin_cmake_args=None, catkin_skip_building_tests=False, verb_parser=<colcon_defaults.argument_parser.defaults.DefaultArgumentsDecorator object at 0x7fb946ba30>, verb_extension=<colcon_core.verb.build.BuildVerb object at 0x7fb9c900a0>, main=<bound method BuildVerb.main of <colcon_core.verb.build.BuildVerb object at 0x7fb9c900a0>>)
[0.441s] Level 1:colcon.colcon_core.package_discovery:discover_packages(colcon_meta) check parameters
[0.441s] Level 1:colcon.colcon_core.package_discovery:discover_packages(recursive) check parameters
[0.441s] Level 1:colcon.colcon_core.package_discovery:discover_packages(ignore) check parameters
[0.441s] Level 1:colcon.colcon_core.package_discovery:discover_packages(path) check parameters
[0.441s] Level 1:colcon.colcon_core.package_discovery:discover_packages(colcon_meta) discover
[0.441s] Level 1:colcon.colcon_core.package_discovery:discover_packages(recursive) discover
[0.441s] INFO:colcon.colcon_core.package_discovery:Crawling recursively for packages in '/home/orangepi/roscan_ws'
[0.441s] Level 1:colcon.colcon_core.package_identification:_identify(.) by extensions ['ignore', 'ignore_ament_install']
[0.441s] Level 1:colcon.colcon_core.package_identification:_identify(.) by extension 'ignore'
[0.441s] Level 1:colcon.colcon_core.package_identification:_identify(.) by extension 'ignore_ament_install'
[0.442s] Level 1:colcon.colcon_core.package_identification:_identify(.) by extensions ['colcon_pkg']
[0.442s] Level 1:colcon.colcon_core.package_identification:_identify(.) by extension 'colcon_pkg'
[0.442s] Level 1:colcon.colcon_core.package_identification:_identify(.) by extensions ['colcon_meta']
[0.442s] Level 1:colcon.colcon_core.package_identification:_identify(.) by extension 'colcon_meta'
[0.442s] Level 1:colcon.colcon_core.package_identification:_identify(.) by extensions ['ros']
[0.442s] Level 1:colcon.colcon_core.package_identification:_identify(.) by extension 'ros'
[0.458s] Level 1:colcon.colcon_core.package_identification:_identify(.) by extensions ['cmake', 'python']
[0.458s] Level 1:colcon.colcon_core.package_identification:_identify(.) by extension 'cmake'
[0.458s] Level 1:colcon.colcon_core.package_identification:_identify(.) by extension 'python'
[0.458s] Level 1:colcon.colcon_core.package_identification:_identify(.) by extensions ['python_setup_py']
[0.458s] Level 1:colcon.colcon_core.package_identification:_identify(.) by extension 'python_setup_py'
[0.458s] Level 1:colcon.colcon_core.package_identification:_identify(build) by extensions ['ignore', 'ignore_ament_install']
[0.458s] Level 1:colcon.colcon_core.package_identification:_identify(build) by extension 'ignore'
[0.458s] Level 1:colcon.colcon_core.package_identification:_identify(build) ignored
[0.459s] Level 1:colcon.colcon_core.package_identification:_identify(install) by extensions ['ignore', 'ignore_ament_install']
[0.459s] Level 1:colcon.colcon_core.package_identification:_identify(install) by extension 'ignore'
[0.459s] Level 1:colcon.colcon_core.package_identification:_identify(install) ignored
[0.459s] Level 1:colcon.colcon_core.package_identification:_identify(log) by extensions ['ignore', 'ignore_ament_install']
[0.459s] Level 1:colcon.colcon_core.package_identification:_identify(log) by extension 'ignore'
[0.459s] Level 1:colcon.colcon_core.package_identification:_identify(log) ignored
[0.459s] Level 1:colcon.colcon_core.package_identification:_identify(roscan) by extensions ['ignore', 'ignore_ament_install']
[0.459s] Level 1:colcon.colcon_core.package_identification:_identify(roscan) by extension 'ignore'
[0.459s] Level 1:colcon.colcon_core.package_identification:_identify(roscan) by extension 'ignore_ament_install'
[0.459s] Level 1:colcon.colcon_core.package_identification:_identify(roscan) by extensions ['colcon_pkg']
[0.459s] Level 1:colcon.colcon_core.package_identification:_identify(roscan) by extension 'colcon_pkg'
[0.459s] Level 1:colcon.colcon_core.package_identification:_identify(roscan) by extensions ['colcon_meta']
[0.459s] Level 1:colcon.colcon_core.package_identification:_identify(roscan) by extension 'colcon_meta'
[0.460s] Level 1:colcon.colcon_core.package_identification:_identify(roscan) by extensions ['ros']
[0.460s] Level 1:colcon.colcon_core.package_identification:_identify(roscan) by extension 'ros'
[0.462s] DEBUG:colcon.colcon_core.package_identification:Package 'roscan' with type 'ros.ament_cmake' and name 'roscan'
[0.463s] Level 1:colcon.colcon_core.package_discovery:discover_packages(recursive) using defaults
[0.463s] Level 1:colcon.colcon_core.package_discovery:discover_packages(ignore) discover
[0.463s] Level 1:colcon.colcon_core.package_discovery:discover_packages(ignore) using defaults
[0.463s] Level 1:colcon.colcon_core.package_discovery:discover_packages(path) discover
[0.463s] Level 1:colcon.colcon_core.package_discovery:discover_packages(path) using defaults
[0.492s] Level 5:colcon.colcon_core.verb:set package 'roscan' build argument 'cmake_args' from command line to 'None'
[0.493s] Level 5:colcon.colcon_core.verb:set package 'roscan' build argument 'cmake_target' from command line to 'None'
[0.493s] Level 5:colcon.colcon_core.verb:set package 'roscan' build argument 'cmake_target_skip_unavailable' from command line to 'False'
[0.493s] Level 5:colcon.colcon_core.verb:set package 'roscan' build argument 'cmake_clean_cache' from command line to 'False'
[0.493s] Level 5:colcon.colcon_core.verb:set package 'roscan' build argument 'cmake_clean_first' from command line to 'False'
[0.493s] Level 5:colcon.colcon_core.verb:set package 'roscan' build argument 'cmake_force_configure' from command line to 'False'
[0.493s] Level 5:colcon.colcon_core.verb:set package 'roscan' build argument 'ament_cmake_args' from command line to 'None'
[0.493s] Level 5:colcon.colcon_core.verb:set package 'roscan' build argument 'catkin_cmake_args' from command line to 'None'
[0.493s] Level 5:colcon.colcon_core.verb:set package 'roscan' build argument 'catkin_skip_building_tests' from command line to 'False'
[0.493s] DEBUG:colcon.colcon_core.verb:Building package 'roscan' with the following arguments: {'ament_cmake_args': None, 'build_base': '/home/orangepi/roscan_ws/build/roscan', 'catkin_cmake_args': None, 'catkin_skip_building_tests': False, 'cmake_args': None, 'cmake_clean_cache': False, 'cmake_clean_first': False, 'cmake_force_configure': False, 'cmake_target': None, 'cmake_target_skip_unavailable': False, 'install_base': '/home/orangepi/roscan_ws/install/roscan', 'merge_install': False, 'path': '/home/orangepi/roscan_ws/roscan', 'symlink_install': False, 'test_result_base': None}
[0.494s] INFO:colcon.colcon_core.executor:Executing jobs using 'parallel' executor
[0.499s] DEBUG:colcon.colcon_parallel_executor.executor.parallel:run_until_complete
[0.499s] INFO:colcon.colcon_ros.task.ament_cmake.build:Building ROS package in '/home/orangepi/roscan_ws/roscan' with build type 'ament_cmake'
[0.500s] INFO:colcon.colcon_cmake.task.cmake.build:Building CMake package in '/home/orangepi/roscan_ws/roscan'
[0.506s] INFO:colcon.colcon_core.plugin_system:Skipping extension 'colcon_core.shell.bat': Not used on non-Windows systems
[0.506s] INFO:colcon.colcon_core.shell:Skip shell extension 'powershell' for command environment: Not usable outside of PowerShell
[0.506s] DEBUG:colcon.colcon_core.shell:Skip shell extension 'dsv' for command environment
[0.508s] WARNING:colcon.colcon_core.prefix_path.colcon:The path '/home/orangepi/roscan_ws/roscan/install' in the environment variable COLCON_PREFIX_PATH doesn't exist
[0.508s] WARNING:colcon.colcon_ros.prefix_path.ament:The path '/home/orangepi/roscan_ws/roscan/install/roscan' in the environment variable AMENT_PREFIX_PATH doesn't exist
[0.508s] WARNING:colcon.colcon_ros.prefix_path.catkin:The path '/home/orangepi/roscan_ws/roscan/install/roscan' in the environment variable CMAKE_PREFIX_PATH doesn't exist
[0.525s] DEBUG:colcon.colcon_core.event_handler.log_command:Invoking command in '/home/orangepi/roscan_ws/build/roscan': CMAKE_PREFIX_PATH=${CMAKE_PREFIX_PATH}:/opt/ros/humble /usr/bin/cmake --build /home/orangepi/roscan_ws/build/roscan -- -j8 -l8
[0.761s] DEBUG:colcon.colcon_core.event_handler.log_command:Invoked command in '/home/orangepi/roscan_ws/build/roscan' returned '2': CMAKE_PREFIX_PATH=${CMAKE_PREFIX_PATH}:/opt/ros/humble /usr/bin/cmake --build /home/orangepi/roscan_ws/build/roscan -- -j8 -l8
[0.808s] Level 1:colcon.colcon_core.environment:create_environment_scripts_only(roscan)
[0.828s] Level 1:colcon.colcon_core.environment:checking '/home/orangepi/roscan_ws/install/roscan' for CMake module files
[0.831s] Level 1:colcon.colcon_core.environment:checking '/home/orangepi/roscan_ws/install/roscan' for CMake config files
[0.831s] Level 1:colcon.colcon_core.shell:create_environment_hook('roscan', 'cmake_prefix_path')
[0.838s] INFO:colcon.colcon_core.shell:Creating environment hook '/home/orangepi/roscan_ws/install/roscan/share/roscan/hook/cmake_prefix_path.ps1'
[0.840s] INFO:colcon.colcon_core.shell:Creating environment descriptor '/home/orangepi/roscan_ws/install/roscan/share/roscan/hook/cmake_prefix_path.dsv'
[0.842s] INFO:colcon.colcon_core.shell:Creating environment hook '/home/orangepi/roscan_ws/install/roscan/share/roscan/hook/cmake_prefix_path.sh'
[0.845s] Level 1:colcon.colcon_core.environment:checking '/home/orangepi/roscan_ws/install/roscan/lib'
[0.845s] Level 1:colcon.colcon_core.environment:checking '/home/orangepi/roscan_ws/install/roscan/bin'
[0.846s] Level 1:colcon.colcon_core.environment:checking '/home/orangepi/roscan_ws/install/roscan/lib/pkgconfig/roscan.pc'
[0.848s] Level 1:colcon.colcon_core.environment:checking '/home/orangepi/roscan_ws/install/roscan/lib/python3.10/site-packages'
[0.848s] Level 1:colcon.colcon_core.environment:checking '/home/orangepi/roscan_ws/install/roscan/bin'
[0.850s] INFO:colcon.colcon_core.shell:Creating package script '/home/orangepi/roscan_ws/install/roscan/share/roscan/package.ps1'
[0.851s] INFO:colcon.colcon_core.shell:Creating package descriptor '/home/orangepi/roscan_ws/install/roscan/share/roscan/package.dsv'
[0.852s] INFO:colcon.colcon_core.shell:Creating package script '/home/orangepi/roscan_ws/install/roscan/share/roscan/package.sh'
[0.853s] INFO:colcon.colcon_core.shell:Creating package script '/home/orangepi/roscan_ws/install/roscan/share/roscan/package.bash'
[0.854s] INFO:colcon.colcon_core.shell:Creating package script '/home/orangepi/roscan_ws/install/roscan/share/roscan/package.zsh'
[0.855s] Level 1:colcon.colcon_core.environment:create_file_with_runtime_dependencies(/home/orangepi/roscan_ws/install/roscan/share/colcon-core/packages/roscan)
[0.865s] DEBUG:colcon.colcon_parallel_executor.executor.parallel:closing loop
[0.866s] DEBUG:colcon.colcon_parallel_executor.executor.parallel:loop closed
[0.866s] DEBUG:colcon.colcon_parallel_executor.executor.parallel:run_until_complete finished with '2'
[0.866s] DEBUG:colcon.colcon_core.event_reactor:joining thread
[0.885s] INFO:colcon.colcon_core.plugin_system:Skipping extension 'colcon_notification.desktop_notification.notify_send': Could not find 'notify-send'
[0.886s] INFO:colcon.colcon_core.plugin_system:Skipping extension 'colcon_notification.desktop_notification.terminal_notifier': Not used on non-Darwin systems
[0.886s] INFO:colcon.colcon_core.plugin_system:Skipping extension 'colcon_notification.desktop_notification.win32': Not used on non-Windows systems
[0.886s] INFO:colcon.colcon_notification.desktop_notification:Sending desktop notification using 'notify2'
[0.889s] DEBUG:colcon.colcon_notification.desktop_notification.notify2:Failed to initialize notify2: org.freedesktop.DBus.Error.ServiceUnknown: The name org.freedesktop.Notifications was not provided by any .service files
[0.889s] DEBUG:colcon.colcon_core.event_reactor:joined thread
[0.891s] INFO:colcon.colcon_core.shell:Creating prefix script '/home/orangepi/roscan_ws/install/local_setup.ps1'
[0.892s] INFO:colcon.colcon_core.shell:Creating prefix util module '/home/orangepi/roscan_ws/install/_local_setup_util_ps1.py'
[0.894s] INFO:colcon.colcon_core.shell:Creating prefix chain script '/home/orangepi/roscan_ws/install/setup.ps1'
[0.896s] INFO:colcon.colcon_core.shell:Creating prefix script '/home/orangepi/roscan_ws/install/local_setup.sh'
[0.896s] INFO:colcon.colcon_core.shell:Creating prefix util module '/home/orangepi/roscan_ws/install/_local_setup_util_sh.py'
[0.897s] INFO:colcon.colcon_core.shell:Creating prefix chain script '/home/orangepi/roscan_ws/install/setup.sh'
[0.899s] INFO:colcon.colcon_core.shell:Creating prefix script '/home/orangepi/roscan_ws/install/local_setup.bash'
[0.899s] INFO:colcon.colcon_core.shell:Creating prefix chain script '/home/orangepi/roscan_ws/install/setup.bash'
[0.901s] INFO:colcon.colcon_core.shell:Creating prefix script '/home/orangepi/roscan_ws/install/local_setup.zsh'
[0.902s] INFO:colcon.colcon_core.shell:Creating prefix chain script '/home/orangepi/roscan_ws/install/setup.zsh'
