[0.022s] Invoking command in '/home/orangepi/roscan_ws/build/cpp_pubsub': CMAKE_PREFIX_PATH=/opt/ros/humble /usr/bin/cmake /home/orangepi/roscan_ws/src/cpp_pubsub -DCMAKE_INSTALL_PREFIX=/home/orangepi/roscan_ws/install/cpp_pubsub
[0.149s] -- The C compiler identification is GNU 11.4.0
[0.279s] -- The CXX compiler identification is GNU 11.4.0
[0.304s] -- Detecting C compiler ABI info
[0.530s] -- Detecting C compiler ABI info - done
[0.567s] -- Check for working C compiler: /usr/bin/cc - skipped
[0.568s] -- Detecting C compile features
[0.569s] -- Detecting C compile features - done
[0.575s] -- Detecting CXX compiler ABI info
[0.783s] -- Detecting CXX compiler ABI info - done
[0.821s] -- Check for working CXX compiler: /usr/bin/c++ - skipped
[0.822s] -- Detecting CXX compile features
[0.824s] -- Detecting CXX compile features - done
[0.827s] -- Found ament_cmake: 1.3.5 (/opt/ros/humble/share/ament_cmake/cmake)
[1.183s] -- Found Python3: /usr/bin/python3.10 (found version "3.10.12") found components: Interpreter 
[1.354s] -- Found rclcpp: 16.0.5 (/opt/ros/humble/share/rclcpp/cmake)
[1.436s] -- Found rosidl_generator_c: 3.1.5 (/opt/ros/humble/share/rosidl_generator_c/cmake)
[1.446s] -- Found rosidl_adapter: 3.1.5 (/opt/ros/humble/share/rosidl_adapter/cmake)
[1.463s] -- Found rosidl_generator_cpp: 3.1.5 (/opt/ros/humble/share/rosidl_generator_cpp/cmake)
[1.492s] -- Using all available rosidl_typesupport_c: rosidl_typesupport_fastrtps_c;rosidl_typesupport_introspection_c
[1.529s] -- Using all available rosidl_typesupport_cpp: rosidl_typesupport_fastrtps_cpp;rosidl_typesupport_introspection_cpp
[1.657s] -- Found rmw_implementation_cmake: 6.1.1 (/opt/ros/humble/share/rmw_implementation_cmake/cmake)
[1.663s] -- Found rmw_fastrtps_cpp: 6.2.3 (/opt/ros/humble/share/rmw_fastrtps_cpp/cmake)
[1.869s] -- Found OpenSSL: /usr/lib/aarch64-linux-gnu/libcrypto.so (found version "3.0.2")  
[1.913s] -- Found FastRTPS: /opt/ros/humble/include  
[1.985s] -- Using RMW implementation 'rmw_fastrtps_cpp' as default
[2.006s] -- Looking for pthread.h
[2.195s] -- Looking for pthread.h - found
[2.196s] -- Performing Test CMAKE_HAVE_LIBC_PTHREAD
[2.406s] -- Performing Test CMAKE_HAVE_LIBC_PTHREAD - Success
[2.412s] -- Found Threads: TRUE  
[2.820s] -- Configuring done
[2.832s] -- Generating done
[2.834s] -- Build files have been written to: /home/orangepi/roscan_ws/build/cpp_pubsub
