[0.024s] Invoking command in '/home/orangepi/roscan_ws/build/roscan': CMAKE_PREFIX_PATH=${CMAKE_PREFIX_PATH}:/opt/ros/humble /usr/bin/cmake --build /home/orangepi/roscan_ws/build/roscan -- -j8 -l8
[0.052s] gmake[1]: Entering directory '/home/orangepi/roscan_ws/build/roscan'
[0.116s] gmake[2]: Entering directory '/home/orangepi/roscan_ws/build/roscan'
[0.121s] gmake[3]: Entering directory '/home/orangepi/roscan_ws/build/roscan'
[0.146s] [35m[1mConsolidate compiler generated dependencies of target rpm_ctrl[0m
[0.155s] gmake[3]: Leaving directory '/home/orangepi/roscan_ws/build/roscan'
[0.163s] gmake[3]: Entering directory '/home/orangepi/roscan_ws/build/roscan'
[0.187s] [ 50%] [32mBuilding CXX object CMakeFiles/rpm_ctrl.dir/src/rpm_ctrl.cpp.o[0m
[0.600s] [100%] [32m[1mLinking CXX executable rpm_ctrl[0m
[0.752s] gmake[3]: Leaving directory '/home/orangepi/roscan_ws/build/roscan'
[0.777s] [100%] Built target rpm_ctrl
[0.781s] gmake[2]: Leaving directory '/home/orangepi/roscan_ws/build/roscan'
[0.806s] gmake[1]: Leaving directory '/home/orangepi/roscan_ws/build/roscan'
[0.809s] Invoked command in '/home/orangepi/roscan_ws/build/roscan' returned '0': CMAKE_PREFIX_PATH=${CMAKE_PREFIX_PATH}:/opt/ros/humble /usr/bin/cmake --build /home/orangepi/roscan_ws/build/roscan -- -j8 -l8
[0.897s] Invoking command in '/home/orangepi/roscan_ws/build/roscan': CMAKE_PREFIX_PATH=${CMAKE_PREFIX_PATH}:/opt/ros/humble /usr/bin/cmake --install /home/orangepi/roscan_ws/build/roscan
[0.922s] -- Install configuration: ""
[0.922s] -- Installing: /home/orangepi/roscan_ws/install/roscan/lib/roscan/rpm_ctrl
[0.922s] -- Up-to-date: /home/orangepi/roscan_ws/install/roscan/share/ament_index/resource_index/package_run_dependencies/roscan
[0.922s] -- Up-to-date: /home/orangepi/roscan_ws/install/roscan/share/ament_index/resource_index/parent_prefix_path/roscan
[0.923s] -- Up-to-date: /home/orangepi/roscan_ws/install/roscan/share/roscan/environment/ament_prefix_path.sh
[0.923s] -- Up-to-date: /home/orangepi/roscan_ws/install/roscan/share/roscan/environment/ament_prefix_path.dsv
[0.923s] -- Up-to-date: /home/orangepi/roscan_ws/install/roscan/share/roscan/environment/path.sh
[0.923s] -- Up-to-date: /home/orangepi/roscan_ws/install/roscan/share/roscan/environment/path.dsv
[0.923s] -- Up-to-date: /home/orangepi/roscan_ws/install/roscan/share/roscan/local_setup.bash
[0.923s] -- Up-to-date: /home/orangepi/roscan_ws/install/roscan/share/roscan/local_setup.sh
[0.923s] -- Up-to-date: /home/orangepi/roscan_ws/install/roscan/share/roscan/local_setup.zsh
[0.923s] -- Up-to-date: /home/orangepi/roscan_ws/install/roscan/share/roscan/local_setup.dsv
[0.923s] -- Installing: /home/orangepi/roscan_ws/install/roscan/share/roscan/package.dsv
[0.923s] -- Up-to-date: /home/orangepi/roscan_ws/install/roscan/share/ament_index/resource_index/packages/roscan
[0.924s] -- Up-to-date: /home/orangepi/roscan_ws/install/roscan/share/roscan/cmake/roscanConfig.cmake
[0.924s] -- Up-to-date: /home/orangepi/roscan_ws/install/roscan/share/roscan/cmake/roscanConfig-version.cmake
[0.924s] -- Up-to-date: /home/orangepi/roscan_ws/install/roscan/share/roscan/package.xml
[0.930s] Invoked command in '/home/orangepi/roscan_ws/build/roscan' returned '0': CMAKE_PREFIX_PATH=${CMAKE_PREFIX_PATH}:/opt/ros/humble /usr/bin/cmake --install /home/orangepi/roscan_ws/build/roscan
