[0.023s] Invoking command in '/home/orangepi/roscan_ws/build/roscan': CMAKE_PREFIX_PATH=${CMAKE_PREFIX_PATH}:/opt/ros/humble /usr/bin/cmake --build /home/orangepi/roscan_ws/build/roscan -- -j8 -l8
[0.082s] -- Found ament_cmake: 1.3.5 (/opt/ros/humble/share/ament_cmake/cmake)
[0.339s] -- Found rclcpp: 16.0.5 (/opt/ros/humble/share/rclcpp/cmake)
[0.370s] -- Found rosidl_generator_c: 3.1.5 (/opt/ros/humble/share/rosidl_generator_c/cmake)
[0.373s] -- Found rosidl_adapter: 3.1.5 (/opt/ros/humble/share/rosidl_adapter/cmake)
[0.392s] -- Found rosidl_generator_cpp: 3.1.5 (/opt/ros/humble/share/rosidl_generator_cpp/cmake)
[0.401s] -- Using all available rosidl_typesupport_c: rosidl_typesupport_fastrtps_c;rosidl_typesupport_introspection_c
[0.422s] -- Using all available rosidl_typesupport_cpp: rosidl_typesupport_fastrtps_cpp;rosidl_typesupport_introspection_cpp
[0.509s] -- Found rmw_implementation_cmake: 6.1.1 (/opt/ros/humble/share/rmw_implementation_cmake/cmake)
[0.511s] -- Found rmw_fastrtps_cpp: 6.2.3 (/opt/ros/humble/share/rmw_fastrtps_cpp/cmake)
[0.686s] -- Using RMW implementation 'rmw_fastrtps_cpp' as default
[0.922s] -- Found ament_lint_auto: 0.12.7 (/opt/ros/humble/share/ament_lint_auto/cmake)
[1.035s] -- Added test 'cppcheck' to perform static code analysis on C / C++ code
[1.035s] -- Configured cppcheck include dirs: $<BUILD_INTERFACE:/home/orangepi/roscan_ws/src/roscan/include>
[1.036s] -- Configured cppcheck exclude dirs and/or files: 
[1.036s] -- Added test 'lint_cmake' to check CMake code style
[1.037s] -- Added test 'uncrustify' to check C / C++ code style
[1.037s] -- Configured uncrustify additional arguments: 
[1.037s] -- Added test 'xmllint' to check XML markup files
[1.038s] -- Configuring done
[1.046s] -- Generating done
[1.048s] -- Build files have been written to: /home/orangepi/roscan_ws/build/roscan
[1.114s] [35m[1mConsolidate compiler generated dependencies of target rpm_ctrl[0m
[1.157s] [ 50%] [32mBuilding CXX object CMakeFiles/rpm_ctrl.dir/src/rpm_ctrl.cpp.o[0m
[1.269s] [01m[K/home/orangepi/roscan_ws/src/roscan/src/rpm_ctrl.cpp:15:10:[m[K [01;31m[Kfatal error: [m[Krclcpp/rclcpp.hpp: No such file or directory
[1.269s]    15 | #include [01;31m[K"rclcpp/rclcpp.hpp"[m[K
[1.270s]       |          [01;31m[K^~~~~~~~~~~~~~~~~~~[m[K
[1.270s] compilation terminated.
[1.273s] gmake[2]: *** [CMakeFiles/rpm_ctrl.dir/build.make:76: CMakeFiles/rpm_ctrl.dir/src/rpm_ctrl.cpp.o] Error 1
[1.274s] gmake[1]: *** [CMakeFiles/Makefile2:137: CMakeFiles/rpm_ctrl.dir/all] Error 2
[1.274s] gmake: *** [Makefile:146: all] Error 2
[1.282s] Invoked command in '/home/orangepi/roscan_ws/build/roscan' returned '2': CMAKE_PREFIX_PATH=${CMAKE_PREFIX_PATH}:/opt/ros/humble /usr/bin/cmake --build /home/orangepi/roscan_ws/build/roscan -- -j8 -l8
