[0.019s] Invoking command in '/home/orangepi/roscan_ws/build/roscan': CMAKE_PREFIX_PATH=/opt/ros/humble /usr/bin/cmake /home/orangepi/roscan_ws/src/roscan -DCMAKE_INSTALL_PREFIX=/home/orangepi/roscan_ws/install/roscan
[0.172s] -- The C compiler identification is GNU 11.4.0
[0.302s] -- The CXX compiler identification is GNU 11.4.0
[0.313s] -- Detecting C compiler ABI info
[0.508s] -- Detecting C compiler ABI info - done
[0.546s] -- Check for working C compiler: /usr/bin/cc - skipped
[0.547s] -- Detecting C compile features
[0.549s] -- Detecting C compile features - done
[0.556s] -- Detecting CXX compiler ABI info
[0.766s] -- Detecting CXX compiler ABI info - done
[0.806s] -- Check for working CXX compiler: /usr/bin/c++ - skipped
[0.807s] -- Detecting CXX compile features
[0.808s] -- Detecting CXX compile features - done
[0.814s] -- Found ament_cmake: 1.3.5 (/opt/ros/humble/share/ament_cmake/cmake)
[1.163s] -- Found Python3: /usr/bin/python3.10 (found version "3.10.12") found components: Interpreter 
[1.303s] -- Found ament_lint_auto: 0.12.7 (/opt/ros/humble/share/ament_lint_auto/cmake)
[1.428s] -- Added test 'cppcheck' to perform static code analysis on C / C++ code
[1.428s] -- Configured cppcheck include dirs: $<BUILD_INTERFACE:/home/orangepi/roscan_ws/src/roscan/include>
[1.428s] -- Configured cppcheck exclude dirs and/or files: 
[1.429s] -- Added test 'lint_cmake' to check CMake code style
[1.430s] -- Added test 'uncrustify' to check C / C++ code style
[1.430s] -- Configured uncrustify additional arguments: 
[1.430s] -- Added test 'xmllint' to check XML markup files
[1.432s] -- Configuring done
[1.438s] -- Generating done
[1.439s] -- Build files have been written to: /home/orangepi/roscan_ws/build/roscan
[1.449s] Invoked command in '/home/orangepi/roscan_ws/build/roscan' returned '0': CMAKE_PREFIX_PATH=/opt/ros/humble /usr/bin/cmake /home/orangepi/roscan_ws/src/roscan -DCMAKE_INSTALL_PREFIX=/home/orangepi/roscan_ws/install/roscan
[1.453s] Invoking command in '/home/orangepi/roscan_ws/build/roscan': CMAKE_PREFIX_PATH=/opt/ros/humble /usr/bin/cmake --build /home/orangepi/roscan_ws/build/roscan -- -j8 -l8
[1.480s] gmake[1]: Entering directory '/home/orangepi/roscan_ws/build/roscan'
[1.519s] gmake[2]: Entering directory '/home/orangepi/roscan_ws/build/roscan'
[1.522s] gmake[3]: Entering directory '/home/orangepi/roscan_ws/build/roscan'
[1.548s] gmake[3]: Leaving directory '/home/orangepi/roscan_ws/build/roscan'
[1.552s] gmake[3]: Entering directory '/home/orangepi/roscan_ws/build/roscan'
[1.576s] [ 50%] [32mBuilding CXX object CMakeFiles/rpm_ctrl.dir/src/rpm_ctrl.cpp.o[0m
[1.976s] [100%] [32m[1mLinking CXX executable rpm_ctrl[0m
[2.123s] gmake[3]: Leaving directory '/home/orangepi/roscan_ws/build/roscan'
[2.148s] [100%] Built target rpm_ctrl
[2.150s] gmake[2]: Leaving directory '/home/orangepi/roscan_ws/build/roscan'
[2.175s] gmake[1]: Leaving directory '/home/orangepi/roscan_ws/build/roscan'
[2.178s] Invoked command in '/home/orangepi/roscan_ws/build/roscan' returned '0': CMAKE_PREFIX_PATH=/opt/ros/humble /usr/bin/cmake --build /home/orangepi/roscan_ws/build/roscan -- -j8 -l8
[2.269s] Invoking command in '/home/orangepi/roscan_ws/build/roscan': CMAKE_PREFIX_PATH=/opt/ros/humble /usr/bin/cmake --install /home/orangepi/roscan_ws/build/roscan
[2.291s] -- Install configuration: ""
[2.292s] -- Installing: /home/orangepi/roscan_ws/install/roscan/lib/roscan/rpm_ctrl
[2.292s] -- Installing: /home/orangepi/roscan_ws/install/roscan/share/ament_index/resource_index/package_run_dependencies/roscan
[2.293s] -- Installing: /home/orangepi/roscan_ws/install/roscan/share/ament_index/resource_index/parent_prefix_path/roscan
[2.293s] -- Up-to-date: /home/orangepi/roscan_ws/install/roscan/share/roscan/environment/ament_prefix_path.sh
[2.294s] -- Installing: /home/orangepi/roscan_ws/install/roscan/share/roscan/environment/ament_prefix_path.dsv
[2.294s] -- Up-to-date: /home/orangepi/roscan_ws/install/roscan/share/roscan/environment/path.sh
[2.295s] -- Installing: /home/orangepi/roscan_ws/install/roscan/share/roscan/environment/path.dsv
[2.296s] -- Installing: /home/orangepi/roscan_ws/install/roscan/share/roscan/local_setup.bash
[2.298s] -- Installing: /home/orangepi/roscan_ws/install/roscan/share/roscan/local_setup.sh
[2.301s] -- Installing: /home/orangepi/roscan_ws/install/roscan/share/roscan/local_setup.zsh
[2.301s] -- Installing: /home/orangepi/roscan_ws/install/roscan/share/roscan/local_setup.dsv
[2.301s] -- Installing: /home/orangepi/roscan_ws/install/roscan/share/roscan/package.dsv
[2.301s] -- Installing: /home/orangepi/roscan_ws/install/roscan/share/ament_index/resource_index/packages/roscan
[2.301s] -- Installing: /home/orangepi/roscan_ws/install/roscan/share/roscan/cmake/roscanConfig.cmake
[2.301s] -- Installing: /home/orangepi/roscan_ws/install/roscan/share/roscan/cmake/roscanConfig-version.cmake
[2.301s] -- Installing: /home/orangepi/roscan_ws/install/roscan/share/roscan/package.xml
[2.302s] Invoked command in '/home/orangepi/roscan_ws/build/roscan' returned '0': CMAKE_PREFIX_PATH=/opt/ros/humble /usr/bin/cmake --install /home/orangepi/roscan_ws/build/roscan
