[0.026s] Invoking command in '/home/orangepi/roscan_ws/build/eufs_msgs': CMAKE_PREFIX_PATH=${CMAKE_PREFIX_PATH}:/opt/ros/humble /usr/bin/cmake --build /home/orangepi/roscan_ws/build/eufs_msgs -- -j8 -l8
[0.204s] [  0%] Built target eufs_msgs__cpp
[0.219s] [  0%] Built target ament_cmake_python_copy_eufs_msgs
[0.231s] [ 12%] Built target eufs_msgs__rosidl_generator_c
[0.288s] [ 25%] Built target eufs_msgs__rosidl_typesupport_introspection_c
[0.298s] [ 38%] Built target eufs_msgs__rosidl_typesupport_c
[0.322s] [ 50%] Built target eufs_msgs__rosidl_typesupport_fastrtps_cpp
[0.351s] [ 62%] Built target eufs_msgs__rosidl_typesupport_cpp
[0.352s] [ 75%] Built target eufs_msgs__rosidl_typesupport_fastrtps_c
[0.388s] [ 88%] Built target eufs_msgs__rosidl_typesupport_introspection_cpp
[0.429s] [ 88%] Built target eufs_msgs
[0.488s] [ 88%] Built target eufs_msgs__py
[0.577s] running egg_info
[0.578s] writing eufs_msgs.egg-info/PKG-INFO
[0.579s] writing dependency_links to eufs_msgs.egg-info/dependency_links.txt
[0.579s] writing top-level names to eufs_msgs.egg-info/top_level.txt
[0.584s] reading manifest file 'eufs_msgs.egg-info/SOURCES.txt'
[0.586s] writing manifest file 'eufs_msgs.egg-info/SOURCES.txt'
[0.626s] [100%] Built target eufs_msgs__rosidl_generator_py
[0.639s] [100%] Built target ament_cmake_python_build_eufs_msgs_egg
[0.664s] [100%] Built target eufs_msgs__rosidl_typesupport_fastrtps_c__pyext
[0.687s] [100%] Built target eufs_msgs__rosidl_typesupport_introspection_c__pyext
[0.704s] [100%] Built target eufs_msgs__rosidl_typesupport_c__pyext
[0.743s] Invoked command in '/home/orangepi/roscan_ws/build/eufs_msgs' returned '0': CMAKE_PREFIX_PATH=${CMAKE_PREFIX_PATH}:/opt/ros/humble /usr/bin/cmake --build /home/orangepi/roscan_ws/build/eufs_msgs -- -j8 -l8
