[0.023s] Invoking command in '/home/orangepi/roscan_ws/build/roscan': CMAKE_PREFIX_PATH=${CMAKE_PREFIX_PATH}:/opt/ros/humble /usr/bin/cmake --build /home/orangepi/roscan_ws/build/roscan -- -j8 -l8
[0.052s] -- Found ament_cmake: 1.3.5 (/opt/ros/humble/share/ament_cmake/cmake)
[0.359s] -- Found rclcpp: 16.0.5 (/opt/ros/humble/share/rclcpp/cmake)
[0.428s] -- Found rosidl_generator_c: 3.1.5 (/opt/ros/humble/share/rosidl_generator_c/cmake)
[0.436s] -- Found rosidl_adapter: 3.1.5 (/opt/ros/humble/share/rosidl_adapter/cmake)
[0.447s] -- Found rosidl_generator_cpp: 3.1.5 (/opt/ros/humble/share/rosidl_generator_cpp/cmake)
[0.467s] -- Using all available rosidl_typesupport_c: rosidl_typesupport_fastrtps_c;rosidl_typesupport_introspection_c
[0.494s] -- Using all available rosidl_typesupport_cpp: rosidl_typesupport_fastrtps_cpp;rosidl_typesupport_introspection_cpp
[0.592s] -- Found rmw_implementation_cmake: 6.1.1 (/opt/ros/humble/share/rmw_implementation_cmake/cmake)
[0.596s] -- Found rmw_fastrtps_cpp: 6.2.3 (/opt/ros/humble/share/rmw_fastrtps_cpp/cmake)
[0.767s] -- Found OpenSSL: /usr/lib/aarch64-linux-gnu/libcrypto.so (found version "3.0.2")  
[0.806s] -- Found FastRTPS: /opt/ros/humble/include  
[0.878s] -- Using RMW implementation 'rmw_fastrtps_cpp' as default
[0.892s] -- Looking for pthread.h
[1.088s] -- Looking for pthread.h - found
[1.088s] -- Performing Test CMAKE_HAVE_LIBC_PTHREAD
[1.284s] -- Performing Test CMAKE_HAVE_LIBC_PTHREAD - Success
[1.285s] -- Found Threads: TRUE  
[1.514s] -- Found ament_lint_auto: 0.12.7 (/opt/ros/humble/share/ament_lint_auto/cmake)
[1.628s] -- Added test 'cppcheck' to perform static code analysis on C / C++ code
[1.628s] -- Configured cppcheck include dirs: $<BUILD_INTERFACE:/home/orangepi/roscan_ws/src/roscan/include>
[1.628s] -- Configured cppcheck exclude dirs and/or files: 
[1.628s] -- Added test 'lint_cmake' to check CMake code style
[1.629s] -- Added test 'uncrustify' to check C / C++ code style
[1.629s] -- Configured uncrustify additional arguments: 
[1.630s] -- Added test 'xmllint' to check XML markup files
[1.631s] -- Configuring done
[1.639s] -- Generating done
[1.641s] -- Build files have been written to: /home/orangepi/roscan_ws/build/roscan
[1.695s] [35m[1mConsolidate compiler generated dependencies of target rpm_ctrl[0m
[1.731s] [ 50%] [32mBuilding CXX object CMakeFiles/rpm_ctrl.dir/src/rpm_ctrl.cpp.o[0m
[1.841s] [01m[K/home/orangepi/roscan_ws/src/roscan/src/rpm_ctrl.cpp:15:10:[m[K [01;31m[Kfatal error: [m[Krclcpp/rclcpp.hpp: No such file or directory
[1.841s]    15 | #include [01;31m[K"rclcpp/rclcpp.hpp"[m[K
[1.841s]       |          [01;31m[K^~~~~~~~~~~~~~~~~~~[m[K
[1.841s] compilation terminated.
[1.845s] gmake[2]: *** [CMakeFiles/rpm_ctrl.dir/build.make:76: CMakeFiles/rpm_ctrl.dir/src/rpm_ctrl.cpp.o] Error 1
[1.846s] gmake[1]: *** [CMakeFiles/Makefile2:137: CMakeFiles/rpm_ctrl.dir/all] Error 2
[1.847s] gmake: *** [Makefile:146: all] Error 2
[1.850s] Invoked command in '/home/orangepi/roscan_ws/build/roscan' returned '2': CMAKE_PREFIX_PATH=${CMAKE_PREFIX_PATH}:/opt/ros/humble /usr/bin/cmake --build /home/orangepi/roscan_ws/build/roscan -- -j8 -l8
