[0.033s] Invoking command in '/home/orangepi/roscan_ws/build/cpp_pubsub': CMAKE_PREFIX_PATH=${CMAKE_PREFIX_PATH}:/opt/ros/humble /usr/bin/cmake --build /home/orangepi/roscan_ws/build/cpp_pubsub -- -j8 -l8
[0.163s] [ 50%] Built target listener
[0.175s] [35m[1mConsolidate compiler generated dependencies of target talker[0m
[0.219s] [100%] Built target talker
[0.240s] Invoked command in '/home/orangepi/roscan_ws/build/cpp_pubsub' returned '0': CMAKE_PREFIX_PATH=${CMAKE_PREFIX_PATH}:/opt/ros/humble /usr/bin/cmake --build /home/orangepi/roscan_ws/build/cpp_pubsub -- -j8 -l8
[0.321s] Invoking command in '/home/orangepi/roscan_ws/build/cpp_pubsub': CMAKE_PREFIX_PATH=${CMAKE_PREFIX_PATH}:/opt/ros/humble /usr/bin/cmake --install /home/orangepi/roscan_ws/build/cpp_pubsub
[0.345s] -- Install configuration: ""
[0.345s] -- Installing: /home/orangepi/roscan_ws/install/cpp_pubsub/lib/cpp_pubsub/talker
[0.348s] -- Set runtime path of "/home/orangepi/roscan_ws/install/cpp_pubsub/lib/cpp_pubsub/talker" to ""
[0.349s] -- Up-to-date: /home/orangepi/roscan_ws/install/cpp_pubsub/lib/cpp_pubsub/listener
[0.349s] -- Up-to-date: /home/orangepi/roscan_ws/install/cpp_pubsub/share/ament_index/resource_index/package_run_dependencies/cpp_pubsub
[0.349s] -- Up-to-date: /home/orangepi/roscan_ws/install/cpp_pubsub/share/ament_index/resource_index/parent_prefix_path/cpp_pubsub
[0.349s] -- Up-to-date: /home/orangepi/roscan_ws/install/cpp_pubsub/share/cpp_pubsub/environment/ament_prefix_path.sh
[0.349s] -- Up-to-date: /home/orangepi/roscan_ws/install/cpp_pubsub/share/cpp_pubsub/environment/ament_prefix_path.dsv
[0.350s] -- Up-to-date: /home/orangepi/roscan_ws/install/cpp_pubsub/share/cpp_pubsub/environment/path.sh
[0.350s] -- Up-to-date: /home/orangepi/roscan_ws/install/cpp_pubsub/share/cpp_pubsub/environment/path.dsv
[0.350s] -- Up-to-date: /home/orangepi/roscan_ws/install/cpp_pubsub/share/cpp_pubsub/local_setup.bash
[0.350s] -- Up-to-date: /home/orangepi/roscan_ws/install/cpp_pubsub/share/cpp_pubsub/local_setup.sh
[0.350s] -- Up-to-date: /home/orangepi/roscan_ws/install/cpp_pubsub/share/cpp_pubsub/local_setup.zsh
[0.350s] -- Up-to-date: /home/orangepi/roscan_ws/install/cpp_pubsub/share/cpp_pubsub/local_setup.dsv
[0.350s] -- Installing: /home/orangepi/roscan_ws/install/cpp_pubsub/share/cpp_pubsub/package.dsv
[0.350s] -- Up-to-date: /home/orangepi/roscan_ws/install/cpp_pubsub/share/ament_index/resource_index/packages/cpp_pubsub
[0.350s] -- Up-to-date: /home/orangepi/roscan_ws/install/cpp_pubsub/share/cpp_pubsub/cmake/cpp_pubsubConfig.cmake
[0.350s] -- Up-to-date: /home/orangepi/roscan_ws/install/cpp_pubsub/share/cpp_pubsub/cmake/cpp_pubsubConfig-version.cmake
[0.350s] -- Up-to-date: /home/orangepi/roscan_ws/install/cpp_pubsub/share/cpp_pubsub/package.xml
[0.362s] Invoked command in '/home/orangepi/roscan_ws/build/cpp_pubsub' returned '0': CMAKE_PREFIX_PATH=${CMAKE_PREFIX_PATH}:/opt/ros/humble /usr/bin/cmake --install /home/orangepi/roscan_ws/build/cpp_pubsub
