[0.017s] Invoking command in '/home/orangepi/roscan_ws/build/roscan': CMAKE_PREFIX_PATH=${CMAKE_PREFIX_PATH}:/opt/ros/humble /usr/bin/cmake /home/orangepi/roscan_ws/roscan -DCMAKE_INSTALL_PREFIX=/home/orangepi/roscan_ws/install/roscan
[0.149s] -- The C compiler identification is GNU 11.4.0
[0.271s] -- The CXX compiler identification is GNU 11.4.0
[0.296s] -- Detecting C compiler ABI info
[0.513s] -- Detecting C compiler ABI info - done
[0.550s] -- Check for working C compiler: /usr/bin/cc - skipped
[0.550s] -- Detecting C compile features
[0.552s] -- Detecting C compile features - done
[0.558s] -- Detecting CXX compiler ABI info
[0.754s] -- Detecting CXX compiler ABI info - done
[0.792s] -- Check for working CXX compiler: /usr/bin/c++ - skipped
[0.793s] -- Detecting CXX compile features
[0.795s] -- Detecting CXX compile features - done
[0.800s] -- Found ament_cmake: 1.3.5 (/opt/ros/humble/share/ament_cmake/cmake)
[1.160s] -- Found Python3: /usr/bin/python3.10 (found version "3.10.12") found components: Interpreter 
[1.328s] -- Found ament_lint_auto: 0.12.7 (/opt/ros/humble/share/ament_lint_auto/cmake)
[1.447s] -- Added test 'cppcheck' to perform static code analysis on C / C++ code
[1.447s] -- Configured cppcheck include dirs: $<BUILD_INTERFACE:/home/orangepi/roscan_ws/roscan/include>
[1.447s] -- Configured cppcheck exclude dirs and/or files: 
[1.448s] -- Added test 'lint_cmake' to check CMake code style
[1.449s] -- Added test 'uncrustify' to check C / C++ code style
[1.449s] -- Configured uncrustify additional arguments: 
[1.449s] -- Added test 'xmllint' to check XML markup files
[1.451s] -- Configuring done
[1.457s] -- Generating done
[1.458s] -- Build files have been written to: /home/orangepi/roscan_ws/build/roscan
[1.469s] Invoked command in '/home/orangepi/roscan_ws/build/roscan' returned '0': CMAKE_PREFIX_PATH=${CMAKE_PREFIX_PATH}:/opt/ros/humble /usr/bin/cmake /home/orangepi/roscan_ws/roscan -DCMAKE_INSTALL_PREFIX=/home/orangepi/roscan_ws/install/roscan
[1.471s] Invoking command in '/home/orangepi/roscan_ws/build/roscan': CMAKE_PREFIX_PATH=${CMAKE_PREFIX_PATH}:/opt/ros/humble /usr/bin/cmake --build /home/orangepi/roscan_ws/build/roscan -- -j8 -l8
[1.607s] [ 50%] [32mBuilding CXX object CMakeFiles/rpm_ctrl.dir/src/rpm_ctrl.cpp.o[0m
[1.686s] [100%] [32m[1mLinking CXX executable rpm_ctrl[0m
[1.793s] [100%] Built target rpm_ctrl
[1.822s] Invoked command in '/home/orangepi/roscan_ws/build/roscan' returned '0': CMAKE_PREFIX_PATH=${CMAKE_PREFIX_PATH}:/opt/ros/humble /usr/bin/cmake --build /home/orangepi/roscan_ws/build/roscan -- -j8 -l8
[1.916s] Invoking command in '/home/orangepi/roscan_ws/build/roscan': CMAKE_PREFIX_PATH=${CMAKE_PREFIX_PATH}:/opt/ros/humble /usr/bin/cmake --install /home/orangepi/roscan_ws/build/roscan
[1.940s] -- Install configuration: ""
[1.940s] -- Installing: /home/orangepi/roscan_ws/install/roscan/lib/roscan/rpm_ctrl
[1.941s] -- Installing: /home/orangepi/roscan_ws/install/roscan/share/ament_index/resource_index/package_run_dependencies/roscan
[1.941s] -- Installing: /home/orangepi/roscan_ws/install/roscan/share/ament_index/resource_index/parent_prefix_path/roscan
[1.942s] -- Installing: /home/orangepi/roscan_ws/install/roscan/share/roscan/environment/ament_prefix_path.sh
[1.942s] -- Installing: /home/orangepi/roscan_ws/install/roscan/share/roscan/environment/ament_prefix_path.dsv
[1.942s] -- Installing: /home/orangepi/roscan_ws/install/roscan/share/roscan/environment/path.sh
[1.943s] -- Installing: /home/orangepi/roscan_ws/install/roscan/share/roscan/environment/path.dsv
[1.943s] -- Installing: /home/orangepi/roscan_ws/install/roscan/share/roscan/local_setup.bash
[1.943s] -- Installing: /home/orangepi/roscan_ws/install/roscan/share/roscan/local_setup.sh
[1.943s] -- Installing: /home/orangepi/roscan_ws/install/roscan/share/roscan/local_setup.zsh
[1.944s] -- Installing: /home/orangepi/roscan_ws/install/roscan/share/roscan/local_setup.dsv
[1.944s] -- Installing: /home/orangepi/roscan_ws/install/roscan/share/roscan/package.dsv
[1.945s] -- Installing: /home/orangepi/roscan_ws/install/roscan/share/ament_index/resource_index/packages/roscan
[1.945s] -- Installing: /home/orangepi/roscan_ws/install/roscan/share/roscan/cmake/roscanConfig.cmake
[1.946s] -- Installing: /home/orangepi/roscan_ws/install/roscan/share/roscan/cmake/roscanConfig-version.cmake
[1.946s] -- Installing: /home/orangepi/roscan_ws/install/roscan/share/roscan/package.xml
[1.952s] Invoked command in '/home/orangepi/roscan_ws/build/roscan' returned '0': CMAKE_PREFIX_PATH=${CMAKE_PREFIX_PATH}:/opt/ros/humble /usr/bin/cmake --install /home/orangepi/roscan_ws/build/roscan
