[0.031s] Invoking command in '/home/orangepi/roscan_ws/build/cpp_pubsub': CMAKE_PREFIX_PATH=/opt/ros/humble /usr/bin/cmake --build /home/orangepi/roscan_ws/build/cpp_pubsub -- -j8 -l8
[0.118s] [35m[1mConsolidate compiler generated dependencies of target talker[0m
[0.142s] [100%] Built target talker
[0.174s] Invoked command in '/home/orangepi/roscan_ws/build/cpp_pubsub' returned '0': CMAKE_PREFIX_PATH=/opt/ros/humble /usr/bin/cmake --build /home/orangepi/roscan_ws/build/cpp_pubsub -- -j8 -l8
[0.272s] Invoking command in '/home/orangepi/roscan_ws/build/cpp_pubsub': CMAKE_PREFIX_PATH=/opt/ros/humble /usr/bin/cmake --install /home/orangepi/roscan_ws/build/cpp_pubsub
[0.313s] -- Install configuration: ""
[0.314s] -- Up-to-date: /home/orangepi/roscan_ws/install/cpp_pubsub/lib/cpp_pubsub/talker
[0.315s] -- Up-to-date: /home/orangepi/roscan_ws/install/cpp_pubsub/share/ament_index/resource_index/package_run_dependencies/cpp_pubsub
[0.318s] -- Up-to-date: /home/orangepi/roscan_ws/install/cpp_pubsub/share/ament_index/resource_index/parent_prefix_path/cpp_pubsub
[0.319s] -- Up-to-date: /home/orangepi/roscan_ws/install/cpp_pubsub/share/cpp_pubsub/environment/ament_prefix_path.sh
[0.320s] -- Up-to-date: /home/orangepi/roscan_ws/install/cpp_pubsub/share/cpp_pubsub/environment/ament_prefix_path.dsv
[0.320s] -- Up-to-date: /home/orangepi/roscan_ws/install/cpp_pubsub/share/cpp_pubsub/environment/path.sh
[0.321s] -- Up-to-date: /home/orangepi/roscan_ws/install/cpp_pubsub/share/cpp_pubsub/environment/path.dsv
[0.322s] -- Up-to-date: /home/orangepi/roscan_ws/install/cpp_pubsub/share/cpp_pubsub/local_setup.bash
[0.322s] -- Up-to-date: /home/orangepi/roscan_ws/install/cpp_pubsub/share/cpp_pubsub/local_setup.sh
[0.323s] -- Up-to-date: /home/orangepi/roscan_ws/install/cpp_pubsub/share/cpp_pubsub/local_setup.zsh
[0.324s] -- Up-to-date: /home/orangepi/roscan_ws/install/cpp_pubsub/share/cpp_pubsub/local_setup.dsv
[0.327s] -- Installing: /home/orangepi/roscan_ws/install/cpp_pubsub/share/cpp_pubsub/package.dsv
[0.327s] -- Up-to-date: /home/orangepi/roscan_ws/install/cpp_pubsub/share/ament_index/resource_index/packages/cpp_pubsub
[0.328s] -- Up-to-date: /home/orangepi/roscan_ws/install/cpp_pubsub/share/cpp_pubsub/cmake/cpp_pubsubConfig.cmake
[0.328s] -- Up-to-date: /home/orangepi/roscan_ws/install/cpp_pubsub/share/cpp_pubsub/cmake/cpp_pubsubConfig-version.cmake
[0.329s] -- Up-to-date: /home/orangepi/roscan_ws/install/cpp_pubsub/share/cpp_pubsub/package.xml
[0.368s] Invoked command in '/home/orangepi/roscan_ws/build/cpp_pubsub' returned '0': CMAKE_PREFIX_PATH=/opt/ros/humble /usr/bin/cmake --install /home/orangepi/roscan_ws/build/cpp_pubsub
